INFO: [VRFC 10-2263] Analyzing Verilog file "D:/1Learn/24Summer/Lxb/StarryCPU/StarryCPU_env/soc_verify/soc_axi/rtl/xilinx_ip/axi_ram/sim/axi_ram.v" into library xil_defaultlib
INFO: [VRFC 10-311] analyzing module axi_ram
INFO: [VRFC 10-2263] Analyzing Verilog file "D:/1Learn/24Summer/Lxb/StarryCPU/StarryCPU_env/soc_verify/soc_axi/rtl/xilinx_ip/axi_crossbar_1x2/sim/axi_crossbar_1x2.v" into library xil_defaultlib
INFO: [VRFC 10-311] analyzing module axi_crossbar_1x2
INFO: [VRFC 10-2263] Analyzing Verilog file "D:/1Learn/24Summer/Lxb/StarryCPU/StarryCPU_env/soc_verify/soc_axi/run_vivado/project/loongson.ip_user_files/ip/tagv_sram/sim/tagv_sram.v" into library xil_defaultlib
INFO: [VRFC 10-311] analyzing module tagv_sram
INFO: [VRFC 10-2263] Analyzing Verilog file "D:/1Learn/24Summer/Lxb/StarryCPU/StarryCPU_env/soc_verify/soc_axi/run_vivado/project/loongson.ip_user_files/ip/data_bank_sram/sim/data_bank_sram.v" into library xil_defaultlib
INFO: [VRFC 10-311] analyzing module data_bank_sram
INFO: [VRFC 10-2263] Analyzing Verilog file "D:/1Learn/24Summer/Lxb/StarryCPU/StarryCPU_env/myCPU/addr_trans.v" into library xil_defaultlib
INFO: [VRFC 10-311] analyzing module addr_trans
INFO: [VRFC 10-2263] Analyzing Verilog file "D:/1Learn/24Summer/Lxb/StarryCPU/StarryCPU_env/myCPU/alu.v" into library xil_defaultlib
INFO: [VRFC 10-311] analyzing module alu
INFO: [VRFC 10-2263] Analyzing Verilog file "D:/1Learn/24Summer/Lxb/StarryCPU/StarryCPU_env/myCPU/axi_bridge.v" into library xil_defaultlib
INFO: [VRFC 10-311] analyzing module axi_bridge
INFO: [VRFC 10-2263] Analyzing Verilog file "D:/1Learn/24Summer/Lxb/StarryCPU/StarryCPU_env/soc_verify/soc_axi/rtl/xilinx_ip/axi_crossbar_1x2/axi_crossbar_1x2_sim_netlist.v" into library xil_defaultlib
INFO: [VRFC 10-311] analyzing module axi_crossbar_1x2
WARNING: [VRFC 10-3609] overwriting previous definition of module 'axi_crossbar_1x2' [D:/1Learn/24Summer/Lxb/StarryCPU/StarryCPU_env/soc_verify/soc_axi/rtl/xilinx_ip/axi_crossbar_1x2/axi_crossbar_1x2_sim_netlist.v:18]
INFO: [VRFC 10-311] analyzing module axi_crossbar_1x2_axi_crossbar_v2_1_32_addr_arbiter
INFO: [VRFC 10-311] analyzing module axi_crossbar_1x2_axi_crossbar_v2_1_32_addr_arbiter_0
INFO: [VRFC 10-311] analyzing module axi_crossbar_1x2_axi_crossbar_v2_1_32_arbiter_resp
INFO: [VRFC 10-311] analyzing module axi_crossbar_1x2_axi_crossbar_v2_1_32_arbiter_resp_5
INFO: [VRFC 10-311] analyzing module axi_crossbar_1x2_axi_crossbar_v2_1_32_axi_crossbar
INFO: [VRFC 10-311] analyzing module axi_crossbar_1x2_axi_crossbar_v2_1_32_crossbar
INFO: [VRFC 10-311] analyzing module axi_crossbar_1x2_axi_crossbar_v2_1_32_decerr_slave
INFO: [VRFC 10-311] analyzing module axi_crossbar_1x2_axi_crossbar_v2_1_32_si_transactor
INFO: [VRFC 10-311] analyzing module axi_crossbar_1x2_axi_crossbar_v2_1_32_si_transactor__parameterized0
INFO: [VRFC 10-311] analyzing module axi_crossbar_1x2_axi_crossbar_v2_1_32_splitter
INFO: [VRFC 10-311] analyzing module axi_crossbar_1x2_axi_crossbar_v2_1_32_splitter_3
INFO: [VRFC 10-311] analyzing module axi_crossbar_1x2_axi_crossbar_v2_1_32_wdata_router
INFO: [VRFC 10-311] analyzing module axi_crossbar_1x2_axi_data_fifo_v2_1_30_axic_reg_srl_fifo
INFO: [VRFC 10-311] analyzing module axi_crossbar_1x2_axi_data_fifo_v2_1_30_ndeep_srl__parameterized0
INFO: [VRFC 10-311] analyzing module axi_crossbar_1x2_axi_data_fifo_v2_1_30_ndeep_srl__parameterized0_4
INFO: [VRFC 10-311] analyzing module axi_crossbar_1x2_axi_register_slice_v2_1_31_axi_register_slice
INFO: [VRFC 10-311] analyzing module axi_crossbar_1x2_axi_register_slice_v2_1_31_axi_register_slice_1
INFO: [VRFC 10-311] analyzing module axi_crossbar_1x2_axi_register_slice_v2_1_31_axi_register_slice_2
INFO: [VRFC 10-311] analyzing module axi_crossbar_1x2_axi_register_slice_v2_1_31_axic_register_slice__parameterized1
INFO: [VRFC 10-311] analyzing module axi_crossbar_1x2_axi_register_slice_v2_1_31_axic_register_slice__parameterized1_6
INFO: [VRFC 10-311] analyzing module axi_crossbar_1x2_axi_register_slice_v2_1_31_axic_register_slice__parameterized1_8
INFO: [VRFC 10-311] analyzing module axi_crossbar_1x2_axi_register_slice_v2_1_31_axic_register_slice__parameterized2
INFO: [VRFC 10-311] analyzing module axi_crossbar_1x2_axi_register_slice_v2_1_31_axic_register_slice__parameterized2_7
INFO: [VRFC 10-311] analyzing module axi_crossbar_1x2_axi_register_slice_v2_1_31_axic_register_slice__parameterized2_9
INFO: [VRFC 10-311] analyzing module glbl
INFO: [VRFC 10-2263] Analyzing Verilog file "D:/1Learn/24Summer/Lxb/StarryCPU/StarryCPU_env/soc_verify/soc_axi/rtl/xilinx_ip/axi_crossbar_1x2/hdl/axi_crossbar_v2_1_vl_rfs.v" into library xil_defaultlib
INFO: [VRFC 10-311] analyzing module axi_crossbar_v2_1_32_addr_arbiter_sasd
INFO: [VRFC 10-311] analyzing module axi_crossbar_v2_1_32_addr_arbiter
INFO: [VRFC 10-311] analyzing module axi_crossbar_v2_1_32_addr_decoder
INFO: [VRFC 10-311] analyzing module axi_crossbar_v2_1_32_arbiter_resp
INFO: [VRFC 10-311] analyzing module axi_crossbar_v2_1_32_crossbar_sasd
INFO: [VRFC 10-311] analyzing module axi_crossbar_v2_1_32_crossbar
INFO: [VRFC 10-311] analyzing module axi_crossbar_v2_1_32_decerr_slave
INFO: [VRFC 10-311] analyzing module axi_crossbar_v2_1_32_si_transactor
INFO: [VRFC 10-311] analyzing module axi_crossbar_v2_1_32_splitter
INFO: [VRFC 10-311] analyzing module axi_crossbar_v2_1_32_wdata_mux
INFO: [VRFC 10-311] analyzing module axi_crossbar_v2_1_32_wdata_router
INFO: [VRFC 10-311] analyzing module axi_crossbar_v2_1_32_axi_crossbar
INFO: [VRFC 10-2263] Analyzing Verilog file "D:/1Learn/24Summer/Lxb/StarryCPU/StarryCPU_env/soc_verify/soc_axi/rtl/xilinx_ip/axi_crossbar_1x2/hdl/axi_data_fifo_v2_1_vl_rfs.v" into library xil_defaultlib
INFO: [VRFC 10-311] analyzing module axi_data_fifo_v2_1_30_axic_fifo
INFO: [VRFC 10-311] analyzing module axi_data_fifo_v2_1_30_fifo_gen
INFO: [VRFC 10-311] analyzing module axi_data_fifo_v2_1_30_axic_srl_fifo
INFO: [VRFC 10-311] analyzing module axi_data_fifo_v2_1_30_axic_reg_srl_fifo
INFO: [VRFC 10-311] analyzing module axi_data_fifo_v2_1_30_ndeep_srl
INFO: [VRFC 10-311] analyzing module axi_data_fifo_v2_1_30_axi_data_fifo
INFO: [VRFC 10-2263] Analyzing Verilog file "D:/1Learn/24Summer/Lxb/StarryCPU/StarryCPU_env/soc_verify/soc_axi/rtl/xilinx_ip/axi_crossbar_1x2/hdl/axi_infrastructure_v1_1_vl_rfs.v" into library xil_defaultlib
INFO: [VRFC 10-311] analyzing module axi_infrastructure_v1_1_0_axi2vector
INFO: [VRFC 10-311] analyzing module axi_infrastructure_v1_1_0_axic_srl_fifo
INFO: [VRFC 10-311] analyzing module axi_infrastructure_v1_1_0_vector2axi
INFO: [VRFC 10-2263] Analyzing Verilog file "D:/1Learn/24Summer/Lxb/StarryCPU/StarryCPU_env/soc_verify/soc_axi/rtl/xilinx_ip/axi_ram/axi_ram_sim_netlist.v" into library xil_defaultlib
INFO: [VRFC 10-311] analyzing module axi_ram
WARNING: [VRFC 10-3609] overwriting previous definition of module 'axi_ram' [D:/1Learn/24Summer/Lxb/StarryCPU/StarryCPU_env/soc_verify/soc_axi/rtl/xilinx_ip/axi_ram/axi_ram_sim_netlist.v:18]
INFO: [VRFC 10-311] analyzing module axi_ram_blk_mem_axi_read_fsm
INFO: [VRFC 10-311] analyzing module axi_ram_blk_mem_axi_read_wrapper
INFO: [VRFC 10-311] analyzing module axi_ram_blk_mem_axi_write_fsm
INFO: [VRFC 10-311] analyzing module axi_ram_blk_mem_axi_write_wrapper
INFO: [VRFC 10-311] analyzing module axi_ram_blk_mem_gen_generic_cstr
INFO: [VRFC 10-311] analyzing module axi_ram_blk_mem_gen_mux
INFO: [VRFC 10-311] analyzing module axi_ram_blk_mem_gen_prim_width
INFO: [VRFC 10-311] analyzing module axi_ram_blk_mem_gen_prim_width__parameterized0
INFO: [VRFC 10-311] analyzing module axi_ram_blk_mem_gen_prim_width__parameterized0_0
INFO: [VRFC 10-311] analyzing module axi_ram_blk_mem_gen_prim_width__parameterized0_1
INFO: [VRFC 10-311] analyzing module axi_ram_blk_mem_gen_prim_width__parameterized0_10
INFO: [VRFC 10-311] analyzing module axi_ram_blk_mem_gen_prim_width__parameterized0_100
INFO: [VRFC 10-311] analyzing module axi_ram_blk_mem_gen_prim_width__parameterized0_101
INFO: [VRFC 10-311] analyzing module axi_ram_blk_mem_gen_prim_width__parameterized0_102
INFO: [VRFC 10-311] analyzing module axi_ram_blk_mem_gen_prim_width__parameterized0_103
INFO: [VRFC 10-311] analyzing module axi_ram_blk_mem_gen_prim_width__parameterized0_104
INFO: [VRFC 10-311] analyzing module axi_ram_blk_mem_gen_prim_width__parameterized0_105
INFO: [VRFC 10-311] analyzing module axi_ram_blk_mem_gen_prim_width__parameterized0_106
INFO: [VRFC 10-311] analyzing module axi_ram_blk_mem_gen_prim_width__parameterized0_107
INFO: [VRFC 10-311] analyzing module axi_ram_blk_mem_gen_prim_width__parameterized0_108
INFO: [VRFC 10-311] analyzing module axi_ram_blk_mem_gen_prim_width__parameterized0_109
INFO: [VRFC 10-311] analyzing module axi_ram_blk_mem_gen_prim_width__parameterized0_11
INFO: [VRFC 10-311] analyzing module axi_ram_blk_mem_gen_prim_width__parameterized0_110
INFO: [VRFC 10-311] analyzing module axi_ram_blk_mem_gen_prim_width__parameterized0_111
INFO: [VRFC 10-311] analyzing module axi_ram_blk_mem_gen_prim_width__parameterized0_112
INFO: [VRFC 10-311] analyzing module axi_ram_blk_mem_gen_prim_width__parameterized0_113
INFO: [VRFC 10-311] analyzing module axi_ram_blk_mem_gen_prim_width__parameterized0_114
INFO: [VRFC 10-311] analyzing module axi_ram_blk_mem_gen_prim_width__parameterized0_115
INFO: [VRFC 10-311] analyzing module axi_ram_blk_mem_gen_prim_width__parameterized0_116
INFO: [VRFC 10-311] analyzing module axi_ram_blk_mem_gen_prim_width__parameterized0_117
INFO: [VRFC 10-311] analyzing module axi_ram_blk_mem_gen_prim_width__parameterized0_118
INFO: [VRFC 10-311] analyzing module axi_ram_blk_mem_gen_prim_width__parameterized0_119
INFO: [VRFC 10-311] analyzing module axi_ram_blk_mem_gen_prim_width__parameterized0_12
INFO: [VRFC 10-311] analyzing module axi_ram_blk_mem_gen_prim_width__parameterized0_120
INFO: [VRFC 10-311] analyzing module axi_ram_blk_mem_gen_prim_width__parameterized0_121
INFO: [VRFC 10-311] analyzing module axi_ram_blk_mem_gen_prim_width__parameterized0_122
INFO: [VRFC 10-311] analyzing module axi_ram_blk_mem_gen_prim_width__parameterized0_123
INFO: [VRFC 10-311] analyzing module axi_ram_blk_mem_gen_prim_width__parameterized0_124
INFO: [VRFC 10-311] analyzing module axi_ram_blk_mem_gen_prim_width__parameterized0_125
INFO: [VRFC 10-311] analyzing module axi_ram_blk_mem_gen_prim_width__parameterized0_126
INFO: [VRFC 10-311] analyzing module axi_ram_blk_mem_gen_prim_width__parameterized0_13
INFO: [VRFC 10-311] analyzing module axi_ram_blk_mem_gen_prim_width__parameterized0_14
INFO: [VRFC 10-311] analyzing module axi_ram_blk_mem_gen_prim_width__parameterized0_15
INFO: [VRFC 10-311] analyzing module axi_ram_blk_mem_gen_prim_width__parameterized0_16
INFO: [VRFC 10-311] analyzing module axi_ram_blk_mem_gen_prim_width__parameterized0_17
INFO: [VRFC 10-311] analyzing module axi_ram_blk_mem_gen_prim_width__parameterized0_18
INFO: [VRFC 10-311] analyzing module axi_ram_blk_mem_gen_prim_width__parameterized0_19
INFO: [VRFC 10-311] analyzing module axi_ram_blk_mem_gen_prim_width__parameterized0_2
INFO: [VRFC 10-311] analyzing module axi_ram_blk_mem_gen_prim_width__parameterized0_20
INFO: [VRFC 10-311] analyzing module axi_ram_blk_mem_gen_prim_width__parameterized0_21
INFO: [VRFC 10-311] analyzing module axi_ram_blk_mem_gen_prim_width__parameterized0_22
INFO: [VRFC 10-311] analyzing module axi_ram_blk_mem_gen_prim_width__parameterized0_23
INFO: [VRFC 10-311] analyzing module axi_ram_blk_mem_gen_prim_width__parameterized0_24
INFO: [VRFC 10-311] analyzing module axi_ram_blk_mem_gen_prim_width__parameterized0_25
INFO: [VRFC 10-311] analyzing module axi_ram_blk_mem_gen_prim_width__parameterized0_26
INFO: [VRFC 10-311] analyzing module axi_ram_blk_mem_gen_prim_width__parameterized0_27
INFO: [VRFC 10-311] analyzing module axi_ram_blk_mem_gen_prim_width__parameterized0_28
INFO: [VRFC 10-311] analyzing module axi_ram_blk_mem_gen_prim_width__parameterized0_29
INFO: [VRFC 10-311] analyzing module axi_ram_blk_mem_gen_prim_width__parameterized0_3
INFO: [VRFC 10-311] analyzing module axi_ram_blk_mem_gen_prim_width__parameterized0_30
INFO: [VRFC 10-311] analyzing module axi_ram_blk_mem_gen_prim_width__parameterized0_31
INFO: [VRFC 10-311] analyzing module axi_ram_blk_mem_gen_prim_width__parameterized0_32
INFO: [VRFC 10-311] analyzing module axi_ram_blk_mem_gen_prim_width__parameterized0_33
INFO: [VRFC 10-311] analyzing module axi_ram_blk_mem_gen_prim_width__parameterized0_34
INFO: [VRFC 10-311] analyzing module axi_ram_blk_mem_gen_prim_width__parameterized0_35
INFO: [VRFC 10-311] analyzing module axi_ram_blk_mem_gen_prim_width__parameterized0_36
INFO: [VRFC 10-311] analyzing module axi_ram_blk_mem_gen_prim_width__parameterized0_37
INFO: [VRFC 10-311] analyzing module axi_ram_blk_mem_gen_prim_width__parameterized0_38
INFO: [VRFC 10-311] analyzing module axi_ram_blk_mem_gen_prim_width__parameterized0_39
INFO: [VRFC 10-311] analyzing module axi_ram_blk_mem_gen_prim_width__parameterized0_4
INFO: [VRFC 10-311] analyzing module axi_ram_blk_mem_gen_prim_width__parameterized0_40
INFO: [VRFC 10-311] analyzing module axi_ram_blk_mem_gen_prim_width__parameterized0_41
INFO: [VRFC 10-311] analyzing module axi_ram_blk_mem_gen_prim_width__parameterized0_42
INFO: [VRFC 10-311] analyzing module axi_ram_blk_mem_gen_prim_width__parameterized0_43
INFO: [VRFC 10-311] analyzing module axi_ram_blk_mem_gen_prim_width__parameterized0_44
INFO: [VRFC 10-311] analyzing module axi_ram_blk_mem_gen_prim_width__parameterized0_45
INFO: [VRFC 10-311] analyzing module axi_ram_blk_mem_gen_prim_width__parameterized0_46
INFO: [VRFC 10-311] analyzing module axi_ram_blk_mem_gen_prim_width__parameterized0_47
INFO: [VRFC 10-311] analyzing module axi_ram_blk_mem_gen_prim_width__parameterized0_48
INFO: [VRFC 10-311] analyzing module axi_ram_blk_mem_gen_prim_width__parameterized0_49
INFO: [VRFC 10-311] analyzing module axi_ram_blk_mem_gen_prim_width__parameterized0_5
INFO: [VRFC 10-311] analyzing module axi_ram_blk_mem_gen_prim_width__parameterized0_50
INFO: [VRFC 10-311] analyzing module axi_ram_blk_mem_gen_prim_width__parameterized0_51
INFO: [VRFC 10-311] analyzing module axi_ram_blk_mem_gen_prim_width__parameterized0_52
INFO: [VRFC 10-311] analyzing module axi_ram_blk_mem_gen_prim_width__parameterized0_53
INFO: [VRFC 10-311] analyzing module axi_ram_blk_mem_gen_prim_width__parameterized0_54
INFO: [VRFC 10-311] analyzing module axi_ram_blk_mem_gen_prim_width__parameterized0_55
INFO: [VRFC 10-311] analyzing module axi_ram_blk_mem_gen_prim_width__parameterized0_56
INFO: [VRFC 10-311] analyzing module axi_ram_blk_mem_gen_prim_width__parameterized0_57
INFO: [VRFC 10-311] analyzing module axi_ram_blk_mem_gen_prim_width__parameterized0_58
INFO: [VRFC 10-311] analyzing module axi_ram_blk_mem_gen_prim_width__parameterized0_59
INFO: [VRFC 10-311] analyzing module axi_ram_blk_mem_gen_prim_width__parameterized0_6
INFO: [VRFC 10-311] analyzing module axi_ram_blk_mem_gen_prim_width__parameterized0_60
INFO: [VRFC 10-311] analyzing module axi_ram_blk_mem_gen_prim_width__parameterized0_61
INFO: [VRFC 10-311] analyzing module axi_ram_blk_mem_gen_prim_width__parameterized0_62
INFO: [VRFC 10-311] analyzing module axi_ram_blk_mem_gen_prim_width__parameterized0_63
INFO: [VRFC 10-311] analyzing module axi_ram_blk_mem_gen_prim_width__parameterized0_64
INFO: [VRFC 10-311] analyzing module axi_ram_blk_mem_gen_prim_width__parameterized0_65
INFO: [VRFC 10-311] analyzing module axi_ram_blk_mem_gen_prim_width__parameterized0_66
INFO: [VRFC 10-311] analyzing module axi_ram_blk_mem_gen_prim_width__parameterized0_67
INFO: [VRFC 10-311] analyzing module axi_ram_blk_mem_gen_prim_width__parameterized0_68
INFO: [VRFC 10-311] analyzing module axi_ram_blk_mem_gen_prim_width__parameterized0_69
INFO: [VRFC 10-311] analyzing module axi_ram_blk_mem_gen_prim_width__parameterized0_7
INFO: [VRFC 10-311] analyzing module axi_ram_blk_mem_gen_prim_width__parameterized0_70
INFO: [VRFC 10-311] analyzing module axi_ram_blk_mem_gen_prim_width__parameterized0_71
INFO: [VRFC 10-311] analyzing module axi_ram_blk_mem_gen_prim_width__parameterized0_72
INFO: [VRFC 10-311] analyzing module axi_ram_blk_mem_gen_prim_width__parameterized0_73
INFO: [VRFC 10-311] analyzing module axi_ram_blk_mem_gen_prim_width__parameterized0_74
INFO: [VRFC 10-311] analyzing module axi_ram_blk_mem_gen_prim_width__parameterized0_75
INFO: [VRFC 10-311] analyzing module axi_ram_blk_mem_gen_prim_width__parameterized0_76
INFO: [VRFC 10-311] analyzing module axi_ram_blk_mem_gen_prim_width__parameterized0_77
INFO: [VRFC 10-311] analyzing module axi_ram_blk_mem_gen_prim_width__parameterized0_78
INFO: [VRFC 10-311] analyzing module axi_ram_blk_mem_gen_prim_width__parameterized0_79
INFO: [VRFC 10-311] analyzing module axi_ram_blk_mem_gen_prim_width__parameterized0_8
INFO: [VRFC 10-311] analyzing module axi_ram_blk_mem_gen_prim_width__parameterized0_80
INFO: [VRFC 10-311] analyzing module axi_ram_blk_mem_gen_prim_width__parameterized0_81
INFO: [VRFC 10-311] analyzing module axi_ram_blk_mem_gen_prim_width__parameterized0_82
INFO: [VRFC 10-311] analyzing module axi_ram_blk_mem_gen_prim_width__parameterized0_83
INFO: [VRFC 10-311] analyzing module axi_ram_blk_mem_gen_prim_width__parameterized0_84
INFO: [VRFC 10-311] analyzing module axi_ram_blk_mem_gen_prim_width__parameterized0_85
INFO: [VRFC 10-311] analyzing module axi_ram_blk_mem_gen_prim_width__parameterized0_86
INFO: [VRFC 10-311] analyzing module axi_ram_blk_mem_gen_prim_width__parameterized0_87
INFO: [VRFC 10-311] analyzing module axi_ram_blk_mem_gen_prim_width__parameterized0_88
INFO: [VRFC 10-311] analyzing module axi_ram_blk_mem_gen_prim_width__parameterized0_89
INFO: [VRFC 10-311] analyzing module axi_ram_blk_mem_gen_prim_width__parameterized0_9
INFO: [VRFC 10-311] analyzing module axi_ram_blk_mem_gen_prim_width__parameterized0_90
INFO: [VRFC 10-311] analyzing module axi_ram_blk_mem_gen_prim_width__parameterized0_91
INFO: [VRFC 10-311] analyzing module axi_ram_blk_mem_gen_prim_width__parameterized0_92
INFO: [VRFC 10-311] analyzing module axi_ram_blk_mem_gen_prim_width__parameterized0_93
INFO: [VRFC 10-311] analyzing module axi_ram_blk_mem_gen_prim_width__parameterized0_94
INFO: [VRFC 10-311] analyzing module axi_ram_blk_mem_gen_prim_width__parameterized0_95
INFO: [VRFC 10-311] analyzing module axi_ram_blk_mem_gen_prim_width__parameterized0_96
INFO: [VRFC 10-311] analyzing module axi_ram_blk_mem_gen_prim_width__parameterized0_97
INFO: [VRFC 10-311] analyzing module axi_ram_blk_mem_gen_prim_width__parameterized0_98
INFO: [VRFC 10-311] analyzing module axi_ram_blk_mem_gen_prim_width__parameterized0_99
INFO: [VRFC 10-311] analyzing module axi_ram_blk_mem_gen_prim_width__parameterized1
INFO: [VRFC 10-311] analyzing module axi_ram_blk_mem_gen_prim_width__parameterized10
INFO: [VRFC 10-311] analyzing module axi_ram_blk_mem_gen_prim_width__parameterized11
INFO: [VRFC 10-311] analyzing module axi_ram_blk_mem_gen_prim_width__parameterized12
INFO: [VRFC 10-311] analyzing module axi_ram_blk_mem_gen_prim_width__parameterized127
INFO: [VRFC 10-311] analyzing module axi_ram_blk_mem_gen_prim_width__parameterized129
INFO: [VRFC 10-311] analyzing module axi_ram_blk_mem_gen_prim_width__parameterized13
INFO: [VRFC 10-311] analyzing module axi_ram_blk_mem_gen_prim_width__parameterized130
INFO: [VRFC 10-311] analyzing module axi_ram_blk_mem_gen_prim_width__parameterized131
INFO: [VRFC 10-311] analyzing module axi_ram_blk_mem_gen_prim_width__parameterized132
INFO: [VRFC 10-311] analyzing module axi_ram_blk_mem_gen_prim_width__parameterized133
INFO: [VRFC 10-311] analyzing module axi_ram_blk_mem_gen_prim_width__parameterized134
INFO: [VRFC 10-311] analyzing module axi_ram_blk_mem_gen_prim_width__parameterized135
INFO: [VRFC 10-311] analyzing module axi_ram_blk_mem_gen_prim_width__parameterized136
INFO: [VRFC 10-311] analyzing module axi_ram_blk_mem_gen_prim_width__parameterized137
INFO: [VRFC 10-311] analyzing module axi_ram_blk_mem_gen_prim_width__parameterized138
INFO: [VRFC 10-311] analyzing module axi_ram_blk_mem_gen_prim_width__parameterized139
INFO: [VRFC 10-311] analyzing module axi_ram_blk_mem_gen_prim_width__parameterized14
INFO: [VRFC 10-311] analyzing module axi_ram_blk_mem_gen_prim_width__parameterized140
INFO: [VRFC 10-311] analyzing module axi_ram_blk_mem_gen_prim_width__parameterized141
INFO: [VRFC 10-311] analyzing module axi_ram_blk_mem_gen_prim_width__parameterized142
INFO: [VRFC 10-311] analyzing module axi_ram_blk_mem_gen_prim_width__parameterized143
INFO: [VRFC 10-311] analyzing module axi_ram_blk_mem_gen_prim_width__parameterized144
INFO: [VRFC 10-311] analyzing module axi_ram_blk_mem_gen_prim_width__parameterized145
INFO: [VRFC 10-311] analyzing module axi_ram_blk_mem_gen_prim_width__parameterized146
INFO: [VRFC 10-311] analyzing module axi_ram_blk_mem_gen_prim_width__parameterized147
INFO: [VRFC 10-311] analyzing module axi_ram_blk_mem_gen_prim_width__parameterized148
INFO: [VRFC 10-311] analyzing module axi_ram_blk_mem_gen_prim_width__parameterized149
INFO: [VRFC 10-311] analyzing module axi_ram_blk_mem_gen_prim_width__parameterized15
INFO: [VRFC 10-311] analyzing module axi_ram_blk_mem_gen_prim_width__parameterized150
INFO: [VRFC 10-311] analyzing module axi_ram_blk_mem_gen_prim_width__parameterized151
INFO: [VRFC 10-311] analyzing module axi_ram_blk_mem_gen_prim_width__parameterized152
INFO: [VRFC 10-311] analyzing module axi_ram_blk_mem_gen_prim_width__parameterized153
INFO: [VRFC 10-311] analyzing module axi_ram_blk_mem_gen_prim_width__parameterized154
INFO: [VRFC 10-311] analyzing module axi_ram_blk_mem_gen_prim_width__parameterized155
INFO: [VRFC 10-311] analyzing module axi_ram_blk_mem_gen_prim_width__parameterized156
INFO: [VRFC 10-311] analyzing module axi_ram_blk_mem_gen_prim_width__parameterized157
INFO: [VRFC 10-311] analyzing module axi_ram_blk_mem_gen_prim_width__parameterized158
INFO: [VRFC 10-311] analyzing module axi_ram_blk_mem_gen_prim_width__parameterized159
INFO: [VRFC 10-311] analyzing module axi_ram_blk_mem_gen_prim_width__parameterized16
INFO: [VRFC 10-311] analyzing module axi_ram_blk_mem_gen_prim_width__parameterized17
INFO: [VRFC 10-311] analyzing module axi_ram_blk_mem_gen_prim_width__parameterized18
INFO: [VRFC 10-311] analyzing module axi_ram_blk_mem_gen_prim_width__parameterized19
INFO: [VRFC 10-311] analyzing module axi_ram_blk_mem_gen_prim_width__parameterized191
INFO: [VRFC 10-311] analyzing module axi_ram_blk_mem_gen_prim_width__parameterized193
INFO: [VRFC 10-311] analyzing module axi_ram_blk_mem_gen_prim_width__parameterized194
INFO: [VRFC 10-311] analyzing module axi_ram_blk_mem_gen_prim_width__parameterized195
INFO: [VRFC 10-311] analyzing module axi_ram_blk_mem_gen_prim_width__parameterized196
INFO: [VRFC 10-311] analyzing module axi_ram_blk_mem_gen_prim_width__parameterized197
INFO: [VRFC 10-311] analyzing module axi_ram_blk_mem_gen_prim_width__parameterized198
INFO: [VRFC 10-311] analyzing module axi_ram_blk_mem_gen_prim_width__parameterized199
INFO: [VRFC 10-311] analyzing module axi_ram_blk_mem_gen_prim_width__parameterized2
INFO: [VRFC 10-311] analyzing module axi_ram_blk_mem_gen_prim_width__parameterized20
INFO: [VRFC 10-311] analyzing module axi_ram_blk_mem_gen_prim_width__parameterized200
INFO: [VRFC 10-311] analyzing module axi_ram_blk_mem_gen_prim_width__parameterized201
INFO: [VRFC 10-311] analyzing module axi_ram_blk_mem_gen_prim_width__parameterized202
INFO: [VRFC 10-311] analyzing module axi_ram_blk_mem_gen_prim_width__parameterized203
INFO: [VRFC 10-311] analyzing module axi_ram_blk_mem_gen_prim_width__parameterized204
INFO: [VRFC 10-311] analyzing module axi_ram_blk_mem_gen_prim_width__parameterized205
INFO: [VRFC 10-311] analyzing module axi_ram_blk_mem_gen_prim_width__parameterized206
INFO: [VRFC 10-311] analyzing module axi_ram_blk_mem_gen_prim_width__parameterized207
INFO: [VRFC 10-311] analyzing module axi_ram_blk_mem_gen_prim_width__parameterized208
INFO: [VRFC 10-311] analyzing module axi_ram_blk_mem_gen_prim_width__parameterized209
INFO: [VRFC 10-311] analyzing module axi_ram_blk_mem_gen_prim_width__parameterized21
INFO: [VRFC 10-311] analyzing module axi_ram_blk_mem_gen_prim_width__parameterized210
INFO: [VRFC 10-311] analyzing module axi_ram_blk_mem_gen_prim_width__parameterized211
INFO: [VRFC 10-311] analyzing module axi_ram_blk_mem_gen_prim_width__parameterized212
INFO: [VRFC 10-311] analyzing module axi_ram_blk_mem_gen_prim_width__parameterized213
INFO: [VRFC 10-311] analyzing module axi_ram_blk_mem_gen_prim_width__parameterized214
INFO: [VRFC 10-311] analyzing module axi_ram_blk_mem_gen_prim_width__parameterized215
INFO: [VRFC 10-311] analyzing module axi_ram_blk_mem_gen_prim_width__parameterized216
INFO: [VRFC 10-311] analyzing module axi_ram_blk_mem_gen_prim_width__parameterized217
INFO: [VRFC 10-311] analyzing module axi_ram_blk_mem_gen_prim_width__parameterized218
INFO: [VRFC 10-311] analyzing module axi_ram_blk_mem_gen_prim_width__parameterized219
INFO: [VRFC 10-311] analyzing module axi_ram_blk_mem_gen_prim_width__parameterized22
INFO: [VRFC 10-311] analyzing module axi_ram_blk_mem_gen_prim_width__parameterized220
INFO: [VRFC 10-311] analyzing module axi_ram_blk_mem_gen_prim_width__parameterized221
INFO: [VRFC 10-311] analyzing module axi_ram_blk_mem_gen_prim_width__parameterized222
INFO: [VRFC 10-311] analyzing module axi_ram_blk_mem_gen_prim_width__parameterized223
INFO: [VRFC 10-311] analyzing module axi_ram_blk_mem_gen_prim_width__parameterized23
INFO: [VRFC 10-311] analyzing module axi_ram_blk_mem_gen_prim_width__parameterized24
INFO: [VRFC 10-311] analyzing module axi_ram_blk_mem_gen_prim_width__parameterized25
INFO: [VRFC 10-311] analyzing module axi_ram_blk_mem_gen_prim_width__parameterized26
INFO: [VRFC 10-311] analyzing module axi_ram_blk_mem_gen_prim_width__parameterized27
INFO: [VRFC 10-311] analyzing module axi_ram_blk_mem_gen_prim_width__parameterized28
INFO: [VRFC 10-311] analyzing module axi_ram_blk_mem_gen_prim_width__parameterized29
INFO: [VRFC 10-311] analyzing module axi_ram_blk_mem_gen_prim_width__parameterized3
INFO: [VRFC 10-311] analyzing module axi_ram_blk_mem_gen_prim_width__parameterized30
INFO: [VRFC 10-311] analyzing module axi_ram_blk_mem_gen_prim_width__parameterized31
INFO: [VRFC 10-311] analyzing module axi_ram_blk_mem_gen_prim_width__parameterized4
INFO: [VRFC 10-311] analyzing module axi_ram_blk_mem_gen_prim_width__parameterized5
INFO: [VRFC 10-311] analyzing module axi_ram_blk_mem_gen_prim_width__parameterized6
INFO: [VRFC 10-311] analyzing module axi_ram_blk_mem_gen_prim_width__parameterized63
INFO: [VRFC 10-311] analyzing module axi_ram_blk_mem_gen_prim_width__parameterized65
INFO: [VRFC 10-311] analyzing module axi_ram_blk_mem_gen_prim_width__parameterized66
INFO: [VRFC 10-311] analyzing module axi_ram_blk_mem_gen_prim_width__parameterized67
INFO: [VRFC 10-311] analyzing module axi_ram_blk_mem_gen_prim_width__parameterized68
INFO: [VRFC 10-311] analyzing module axi_ram_blk_mem_gen_prim_width__parameterized69
INFO: [VRFC 10-311] analyzing module axi_ram_blk_mem_gen_prim_width__parameterized7
INFO: [VRFC 10-311] analyzing module axi_ram_blk_mem_gen_prim_width__parameterized70
INFO: [VRFC 10-311] analyzing module axi_ram_blk_mem_gen_prim_width__parameterized71
INFO: [VRFC 10-311] analyzing module axi_ram_blk_mem_gen_prim_width__parameterized72
INFO: [VRFC 10-311] analyzing module axi_ram_blk_mem_gen_prim_width__parameterized73
INFO: [VRFC 10-311] analyzing module axi_ram_blk_mem_gen_prim_width__parameterized74
INFO: [VRFC 10-311] analyzing module axi_ram_blk_mem_gen_prim_width__parameterized75
INFO: [VRFC 10-311] analyzing module axi_ram_blk_mem_gen_prim_width__parameterized76
INFO: [VRFC 10-311] analyzing module axi_ram_blk_mem_gen_prim_width__parameterized77
INFO: [VRFC 10-311] analyzing module axi_ram_blk_mem_gen_prim_width__parameterized78
INFO: [VRFC 10-311] analyzing module axi_ram_blk_mem_gen_prim_width__parameterized79
INFO: [VRFC 10-311] analyzing module axi_ram_blk_mem_gen_prim_width__parameterized8
INFO: [VRFC 10-311] analyzing module axi_ram_blk_mem_gen_prim_width__parameterized80
INFO: [VRFC 10-311] analyzing module axi_ram_blk_mem_gen_prim_width__parameterized81
INFO: [VRFC 10-311] analyzing module axi_ram_blk_mem_gen_prim_width__parameterized82
INFO: [VRFC 10-311] analyzing module axi_ram_blk_mem_gen_prim_width__parameterized83
INFO: [VRFC 10-311] analyzing module axi_ram_blk_mem_gen_prim_width__parameterized84
INFO: [VRFC 10-311] analyzing module axi_ram_blk_mem_gen_prim_width__parameterized85
INFO: [VRFC 10-311] analyzing module axi_ram_blk_mem_gen_prim_width__parameterized86
INFO: [VRFC 10-311] analyzing module axi_ram_blk_mem_gen_prim_width__parameterized87
INFO: [VRFC 10-311] analyzing module axi_ram_blk_mem_gen_prim_width__parameterized88
INFO: [VRFC 10-311] analyzing module axi_ram_blk_mem_gen_prim_width__parameterized89
INFO: [VRFC 10-311] analyzing module axi_ram_blk_mem_gen_prim_width__parameterized9
INFO: [VRFC 10-311] analyzing module axi_ram_blk_mem_gen_prim_width__parameterized90
INFO: [VRFC 10-311] analyzing module axi_ram_blk_mem_gen_prim_width__parameterized91
INFO: [VRFC 10-311] analyzing module axi_ram_blk_mem_gen_prim_width__parameterized92
INFO: [VRFC 10-311] analyzing module axi_ram_blk_mem_gen_prim_width__parameterized93
INFO: [VRFC 10-311] analyzing module axi_ram_blk_mem_gen_prim_width__parameterized94
INFO: [VRFC 10-311] analyzing module axi_ram_blk_mem_gen_prim_width__parameterized95
INFO: [VRFC 10-311] analyzing module axi_ram_blk_mem_gen_prim_wrapper_init
INFO: [VRFC 10-311] analyzing module axi_ram_blk_mem_gen_prim_wrapper_init__parameterized0
INFO: [VRFC 10-311] analyzing module axi_ram_blk_mem_gen_prim_wrapper_init__parameterized0_127
INFO: [VRFC 10-311] analyzing module axi_ram_blk_mem_gen_prim_wrapper_init__parameterized0_128
INFO: [VRFC 10-311] analyzing module axi_ram_blk_mem_gen_prim_wrapper_init__parameterized0_129
INFO: [VRFC 10-311] analyzing module axi_ram_blk_mem_gen_prim_wrapper_init__parameterized0_130
INFO: [VRFC 10-311] analyzing module axi_ram_blk_mem_gen_prim_wrapper_init__parameterized0_131
INFO: [VRFC 10-311] analyzing module axi_ram_blk_mem_gen_prim_wrapper_init__parameterized0_132
INFO: [VRFC 10-311] analyzing module axi_ram_blk_mem_gen_prim_wrapper_init__parameterized0_133
INFO: [VRFC 10-311] analyzing module axi_ram_blk_mem_gen_prim_wrapper_init__parameterized0_134
INFO: [VRFC 10-311] analyzing module axi_ram_blk_mem_gen_prim_wrapper_init__parameterized0_135
INFO: [VRFC 10-311] analyzing module axi_ram_blk_mem_gen_prim_wrapper_init__parameterized0_136
INFO: [VRFC 10-311] analyzing module axi_ram_blk_mem_gen_prim_wrapper_init__parameterized0_137
INFO: [VRFC 10-311] analyzing module axi_ram_blk_mem_gen_prim_wrapper_init__parameterized0_138
INFO: [VRFC 10-311] analyzing module axi_ram_blk_mem_gen_prim_wrapper_init__parameterized0_139
INFO: [VRFC 10-311] analyzing module axi_ram_blk_mem_gen_prim_wrapper_init__parameterized0_140
INFO: [VRFC 10-311] analyzing module axi_ram_blk_mem_gen_prim_wrapper_init__parameterized0_141
INFO: [VRFC 10-311] analyzing module axi_ram_blk_mem_gen_prim_wrapper_init__parameterized0_142
INFO: [VRFC 10-311] analyzing module axi_ram_blk_mem_gen_prim_wrapper_init__parameterized0_143
INFO: [VRFC 10-311] analyzing module axi_ram_blk_mem_gen_prim_wrapper_init__parameterized0_144
INFO: [VRFC 10-311] analyzing module axi_ram_blk_mem_gen_prim_wrapper_init__parameterized0_145
INFO: [VRFC 10-311] analyzing module axi_ram_blk_mem_gen_prim_wrapper_init__parameterized0_146
INFO: [VRFC 10-311] analyzing module axi_ram_blk_mem_gen_prim_wrapper_init__parameterized0_147
INFO: [VRFC 10-311] analyzing module axi_ram_blk_mem_gen_prim_wrapper_init__parameterized0_148
INFO: [VRFC 10-311] analyzing module axi_ram_blk_mem_gen_prim_wrapper_init__parameterized0_149
INFO: [VRFC 10-311] analyzing module axi_ram_blk_mem_gen_prim_wrapper_init__parameterized0_150
INFO: [VRFC 10-311] analyzing module axi_ram_blk_mem_gen_prim_wrapper_init__parameterized0_151
INFO: [VRFC 10-311] analyzing module axi_ram_blk_mem_gen_prim_wrapper_init__parameterized0_152
INFO: [VRFC 10-311] analyzing module axi_ram_blk_mem_gen_prim_wrapper_init__parameterized0_153
INFO: [VRFC 10-311] analyzing module axi_ram_blk_mem_gen_prim_wrapper_init__parameterized0_154
INFO: [VRFC 10-311] analyzing module axi_ram_blk_mem_gen_prim_wrapper_init__parameterized0_155
INFO: [VRFC 10-311] analyzing module axi_ram_blk_mem_gen_prim_wrapper_init__parameterized0_156
INFO: [VRFC 10-311] analyzing module axi_ram_blk_mem_gen_prim_wrapper_init__parameterized0_157
INFO: [VRFC 10-311] analyzing module axi_ram_blk_mem_gen_prim_wrapper_init__parameterized0_158
INFO: [VRFC 10-311] analyzing module axi_ram_blk_mem_gen_prim_wrapper_init__parameterized0_159
INFO: [VRFC 10-311] analyzing module axi_ram_blk_mem_gen_prim_wrapper_init__parameterized0_160
INFO: [VRFC 10-311] analyzing module axi_ram_blk_mem_gen_prim_wrapper_init__parameterized0_161
INFO: [VRFC 10-311] analyzing module axi_ram_blk_mem_gen_prim_wrapper_init__parameterized0_162
INFO: [VRFC 10-311] analyzing module axi_ram_blk_mem_gen_prim_wrapper_init__parameterized0_163
INFO: [VRFC 10-311] analyzing module axi_ram_blk_mem_gen_prim_wrapper_init__parameterized0_164
INFO: [VRFC 10-311] analyzing module axi_ram_blk_mem_gen_prim_wrapper_init__parameterized0_165
INFO: [VRFC 10-311] analyzing module axi_ram_blk_mem_gen_prim_wrapper_init__parameterized0_166
INFO: [VRFC 10-311] analyzing module axi_ram_blk_mem_gen_prim_wrapper_init__parameterized0_167
INFO: [VRFC 10-311] analyzing module axi_ram_blk_mem_gen_prim_wrapper_init__parameterized0_168
INFO: [VRFC 10-311] analyzing module axi_ram_blk_mem_gen_prim_wrapper_init__parameterized0_169
INFO: [VRFC 10-311] analyzing module axi_ram_blk_mem_gen_prim_wrapper_init__parameterized0_170
INFO: [VRFC 10-311] analyzing module axi_ram_blk_mem_gen_prim_wrapper_init__parameterized0_171
INFO: [VRFC 10-311] analyzing module axi_ram_blk_mem_gen_prim_wrapper_init__parameterized0_172
INFO: [VRFC 10-311] analyzing module axi_ram_blk_mem_gen_prim_wrapper_init__parameterized0_173
INFO: [VRFC 10-311] analyzing module axi_ram_blk_mem_gen_prim_wrapper_init__parameterized0_174
INFO: [VRFC 10-311] analyzing module axi_ram_blk_mem_gen_prim_wrapper_init__parameterized0_175
INFO: [VRFC 10-311] analyzing module axi_ram_blk_mem_gen_prim_wrapper_init__parameterized0_176
INFO: [VRFC 10-311] analyzing module axi_ram_blk_mem_gen_prim_wrapper_init__parameterized0_177
INFO: [VRFC 10-311] analyzing module axi_ram_blk_mem_gen_prim_wrapper_init__parameterized0_178
INFO: [VRFC 10-311] analyzing module axi_ram_blk_mem_gen_prim_wrapper_init__parameterized0_179
INFO: [VRFC 10-311] analyzing module axi_ram_blk_mem_gen_prim_wrapper_init__parameterized0_180
INFO: [VRFC 10-311] analyzing module axi_ram_blk_mem_gen_prim_wrapper_init__parameterized0_181
INFO: [VRFC 10-311] analyzing module axi_ram_blk_mem_gen_prim_wrapper_init__parameterized0_182
INFO: [VRFC 10-311] analyzing module axi_ram_blk_mem_gen_prim_wrapper_init__parameterized0_183
INFO: [VRFC 10-311] analyzing module axi_ram_blk_mem_gen_prim_wrapper_init__parameterized0_184
INFO: [VRFC 10-311] analyzing module axi_ram_blk_mem_gen_prim_wrapper_init__parameterized0_185
INFO: [VRFC 10-311] analyzing module axi_ram_blk_mem_gen_prim_wrapper_init__parameterized0_186
INFO: [VRFC 10-311] analyzing module axi_ram_blk_mem_gen_prim_wrapper_init__parameterized0_187
INFO: [VRFC 10-311] analyzing module axi_ram_blk_mem_gen_prim_wrapper_init__parameterized0_188
INFO: [VRFC 10-311] analyzing module axi_ram_blk_mem_gen_prim_wrapper_init__parameterized0_189
INFO: [VRFC 10-311] analyzing module axi_ram_blk_mem_gen_prim_wrapper_init__parameterized0_190
INFO: [VRFC 10-311] analyzing module axi_ram_blk_mem_gen_prim_wrapper_init__parameterized0_191
INFO: [VRFC 10-311] analyzing module axi_ram_blk_mem_gen_prim_wrapper_init__parameterized0_192
INFO: [VRFC 10-311] analyzing module axi_ram_blk_mem_gen_prim_wrapper_init__parameterized0_193
INFO: [VRFC 10-311] analyzing module axi_ram_blk_mem_gen_prim_wrapper_init__parameterized0_194
INFO: [VRFC 10-311] analyzing module axi_ram_blk_mem_gen_prim_wrapper_init__parameterized0_195
INFO: [VRFC 10-311] analyzing module axi_ram_blk_mem_gen_prim_wrapper_init__parameterized0_196
INFO: [VRFC 10-311] analyzing module axi_ram_blk_mem_gen_prim_wrapper_init__parameterized0_197
INFO: [VRFC 10-311] analyzing module axi_ram_blk_mem_gen_prim_wrapper_init__parameterized0_198
INFO: [VRFC 10-311] analyzing module axi_ram_blk_mem_gen_prim_wrapper_init__parameterized0_199
INFO: [VRFC 10-311] analyzing module axi_ram_blk_mem_gen_prim_wrapper_init__parameterized0_200
INFO: [VRFC 10-311] analyzing module axi_ram_blk_mem_gen_prim_wrapper_init__parameterized0_201
INFO: [VRFC 10-311] analyzing module axi_ram_blk_mem_gen_prim_wrapper_init__parameterized0_202
INFO: [VRFC 10-311] analyzing module axi_ram_blk_mem_gen_prim_wrapper_init__parameterized0_203
INFO: [VRFC 10-311] analyzing module axi_ram_blk_mem_gen_prim_wrapper_init__parameterized0_204
INFO: [VRFC 10-311] analyzing module axi_ram_blk_mem_gen_prim_wrapper_init__parameterized0_205
INFO: [VRFC 10-311] analyzing module axi_ram_blk_mem_gen_prim_wrapper_init__parameterized0_206
INFO: [VRFC 10-311] analyzing module axi_ram_blk_mem_gen_prim_wrapper_init__parameterized0_207
INFO: [VRFC 10-311] analyzing module axi_ram_blk_mem_gen_prim_wrapper_init__parameterized0_208
INFO: [VRFC 10-311] analyzing module axi_ram_blk_mem_gen_prim_wrapper_init__parameterized0_209
INFO: [VRFC 10-311] analyzing module axi_ram_blk_mem_gen_prim_wrapper_init__parameterized0_210
INFO: [VRFC 10-311] analyzing module axi_ram_blk_mem_gen_prim_wrapper_init__parameterized0_211
INFO: [VRFC 10-311] analyzing module axi_ram_blk_mem_gen_prim_wrapper_init__parameterized0_212
INFO: [VRFC 10-311] analyzing module axi_ram_blk_mem_gen_prim_wrapper_init__parameterized0_213
INFO: [VRFC 10-311] analyzing module axi_ram_blk_mem_gen_prim_wrapper_init__parameterized0_214
INFO: [VRFC 10-311] analyzing module axi_ram_blk_mem_gen_prim_wrapper_init__parameterized0_215
INFO: [VRFC 10-311] analyzing module axi_ram_blk_mem_gen_prim_wrapper_init__parameterized0_216
INFO: [VRFC 10-311] analyzing module axi_ram_blk_mem_gen_prim_wrapper_init__parameterized0_217
INFO: [VRFC 10-311] analyzing module axi_ram_blk_mem_gen_prim_wrapper_init__parameterized0_218
INFO: [VRFC 10-311] analyzing module axi_ram_blk_mem_gen_prim_wrapper_init__parameterized0_219
INFO: [VRFC 10-311] analyzing module axi_ram_blk_mem_gen_prim_wrapper_init__parameterized0_220
INFO: [VRFC 10-311] analyzing module axi_ram_blk_mem_gen_prim_wrapper_init__parameterized0_221
INFO: [VRFC 10-311] analyzing module axi_ram_blk_mem_gen_prim_wrapper_init__parameterized0_222
INFO: [VRFC 10-311] analyzing module axi_ram_blk_mem_gen_prim_wrapper_init__parameterized0_223
INFO: [VRFC 10-311] analyzing module axi_ram_blk_mem_gen_prim_wrapper_init__parameterized0_224
INFO: [VRFC 10-311] analyzing module axi_ram_blk_mem_gen_prim_wrapper_init__parameterized0_225
INFO: [VRFC 10-311] analyzing module axi_ram_blk_mem_gen_prim_wrapper_init__parameterized0_226
INFO: [VRFC 10-311] analyzing module axi_ram_blk_mem_gen_prim_wrapper_init__parameterized0_227
INFO: [VRFC 10-311] analyzing module axi_ram_blk_mem_gen_prim_wrapper_init__parameterized0_228
INFO: [VRFC 10-311] analyzing module axi_ram_blk_mem_gen_prim_wrapper_init__parameterized0_229
INFO: [VRFC 10-311] analyzing module axi_ram_blk_mem_gen_prim_wrapper_init__parameterized0_230
INFO: [VRFC 10-311] analyzing module axi_ram_blk_mem_gen_prim_wrapper_init__parameterized0_231
INFO: [VRFC 10-311] analyzing module axi_ram_blk_mem_gen_prim_wrapper_init__parameterized0_232
INFO: [VRFC 10-311] analyzing module axi_ram_blk_mem_gen_prim_wrapper_init__parameterized0_233
INFO: [VRFC 10-311] analyzing module axi_ram_blk_mem_gen_prim_wrapper_init__parameterized0_234
INFO: [VRFC 10-311] analyzing module axi_ram_blk_mem_gen_prim_wrapper_init__parameterized0_235
INFO: [VRFC 10-311] analyzing module axi_ram_blk_mem_gen_prim_wrapper_init__parameterized0_236
INFO: [VRFC 10-311] analyzing module axi_ram_blk_mem_gen_prim_wrapper_init__parameterized0_237
INFO: [VRFC 10-311] analyzing module axi_ram_blk_mem_gen_prim_wrapper_init__parameterized0_238
INFO: [VRFC 10-311] analyzing module axi_ram_blk_mem_gen_prim_wrapper_init__parameterized0_239
INFO: [VRFC 10-311] analyzing module axi_ram_blk_mem_gen_prim_wrapper_init__parameterized0_240
INFO: [VRFC 10-311] analyzing module axi_ram_blk_mem_gen_prim_wrapper_init__parameterized0_241
INFO: [VRFC 10-311] analyzing module axi_ram_blk_mem_gen_prim_wrapper_init__parameterized0_242
INFO: [VRFC 10-311] analyzing module axi_ram_blk_mem_gen_prim_wrapper_init__parameterized0_243
INFO: [VRFC 10-311] analyzing module axi_ram_blk_mem_gen_prim_wrapper_init__parameterized0_244
INFO: [VRFC 10-311] analyzing module axi_ram_blk_mem_gen_prim_wrapper_init__parameterized0_245
INFO: [VRFC 10-311] analyzing module axi_ram_blk_mem_gen_prim_wrapper_init__parameterized0_246
INFO: [VRFC 10-311] analyzing module axi_ram_blk_mem_gen_prim_wrapper_init__parameterized0_247
INFO: [VRFC 10-311] analyzing module axi_ram_blk_mem_gen_prim_wrapper_init__parameterized0_248
INFO: [VRFC 10-311] analyzing module axi_ram_blk_mem_gen_prim_wrapper_init__parameterized0_249
INFO: [VRFC 10-311] analyzing module axi_ram_blk_mem_gen_prim_wrapper_init__parameterized0_250
INFO: [VRFC 10-311] analyzing module axi_ram_blk_mem_gen_prim_wrapper_init__parameterized0_251
INFO: [VRFC 10-311] analyzing module axi_ram_blk_mem_gen_prim_wrapper_init__parameterized0_252
INFO: [VRFC 10-311] analyzing module axi_ram_blk_mem_gen_prim_wrapper_init__parameterized0_253
INFO: [VRFC 10-311] analyzing module axi_ram_blk_mem_gen_prim_wrapper_init__parameterized1
INFO: [VRFC 10-311] analyzing module axi_ram_blk_mem_gen_prim_wrapper_init__parameterized10
INFO: [VRFC 10-311] analyzing module axi_ram_blk_mem_gen_prim_wrapper_init__parameterized11
INFO: [VRFC 10-311] analyzing module axi_ram_blk_mem_gen_prim_wrapper_init__parameterized12
INFO: [VRFC 10-311] analyzing module axi_ram_blk_mem_gen_prim_wrapper_init__parameterized127
INFO: [VRFC 10-311] analyzing module axi_ram_blk_mem_gen_prim_wrapper_init__parameterized129
INFO: [VRFC 10-311] analyzing module axi_ram_blk_mem_gen_prim_wrapper_init__parameterized13
INFO: [VRFC 10-311] analyzing module axi_ram_blk_mem_gen_prim_wrapper_init__parameterized130
INFO: [VRFC 10-311] analyzing module axi_ram_blk_mem_gen_prim_wrapper_init__parameterized131
INFO: [VRFC 10-311] analyzing module axi_ram_blk_mem_gen_prim_wrapper_init__parameterized132
INFO: [VRFC 10-311] analyzing module axi_ram_blk_mem_gen_prim_wrapper_init__parameterized133
INFO: [VRFC 10-311] analyzing module axi_ram_blk_mem_gen_prim_wrapper_init__parameterized134
INFO: [VRFC 10-311] analyzing module axi_ram_blk_mem_gen_prim_wrapper_init__parameterized135
INFO: [VRFC 10-311] analyzing module axi_ram_blk_mem_gen_prim_wrapper_init__parameterized136
INFO: [VRFC 10-311] analyzing module axi_ram_blk_mem_gen_prim_wrapper_init__parameterized137
INFO: [VRFC 10-311] analyzing module axi_ram_blk_mem_gen_prim_wrapper_init__parameterized138
INFO: [VRFC 10-311] analyzing module axi_ram_blk_mem_gen_prim_wrapper_init__parameterized139
INFO: [VRFC 10-311] analyzing module axi_ram_blk_mem_gen_prim_wrapper_init__parameterized14
INFO: [VRFC 10-311] analyzing module axi_ram_blk_mem_gen_prim_wrapper_init__parameterized140
INFO: [VRFC 10-311] analyzing module axi_ram_blk_mem_gen_prim_wrapper_init__parameterized141
INFO: [VRFC 10-311] analyzing module axi_ram_blk_mem_gen_prim_wrapper_init__parameterized142
INFO: [VRFC 10-311] analyzing module axi_ram_blk_mem_gen_prim_wrapper_init__parameterized143
INFO: [VRFC 10-311] analyzing module axi_ram_blk_mem_gen_prim_wrapper_init__parameterized144
INFO: [VRFC 10-311] analyzing module axi_ram_blk_mem_gen_prim_wrapper_init__parameterized145
INFO: [VRFC 10-311] analyzing module axi_ram_blk_mem_gen_prim_wrapper_init__parameterized146
INFO: [VRFC 10-311] analyzing module axi_ram_blk_mem_gen_prim_wrapper_init__parameterized147
INFO: [VRFC 10-311] analyzing module axi_ram_blk_mem_gen_prim_wrapper_init__parameterized148
INFO: [VRFC 10-311] analyzing module axi_ram_blk_mem_gen_prim_wrapper_init__parameterized149
INFO: [VRFC 10-311] analyzing module axi_ram_blk_mem_gen_prim_wrapper_init__parameterized15
INFO: [VRFC 10-311] analyzing module axi_ram_blk_mem_gen_prim_wrapper_init__parameterized150
INFO: [VRFC 10-311] analyzing module axi_ram_blk_mem_gen_prim_wrapper_init__parameterized151
INFO: [VRFC 10-311] analyzing module axi_ram_blk_mem_gen_prim_wrapper_init__parameterized152
INFO: [VRFC 10-311] analyzing module axi_ram_blk_mem_gen_prim_wrapper_init__parameterized153
INFO: [VRFC 10-311] analyzing module axi_ram_blk_mem_gen_prim_wrapper_init__parameterized154
INFO: [VRFC 10-311] analyzing module axi_ram_blk_mem_gen_prim_wrapper_init__parameterized155
INFO: [VRFC 10-311] analyzing module axi_ram_blk_mem_gen_prim_wrapper_init__parameterized156
INFO: [VRFC 10-311] analyzing module axi_ram_blk_mem_gen_prim_wrapper_init__parameterized157
INFO: [VRFC 10-311] analyzing module axi_ram_blk_mem_gen_prim_wrapper_init__parameterized158
INFO: [VRFC 10-311] analyzing module axi_ram_blk_mem_gen_prim_wrapper_init__parameterized159
INFO: [VRFC 10-311] analyzing module axi_ram_blk_mem_gen_prim_wrapper_init__parameterized16
INFO: [VRFC 10-311] analyzing module axi_ram_blk_mem_gen_prim_wrapper_init__parameterized17
INFO: [VRFC 10-311] analyzing module axi_ram_blk_mem_gen_prim_wrapper_init__parameterized18
INFO: [VRFC 10-311] analyzing module axi_ram_blk_mem_gen_prim_wrapper_init__parameterized19
INFO: [VRFC 10-311] analyzing module axi_ram_blk_mem_gen_prim_wrapper_init__parameterized191
INFO: [VRFC 10-311] analyzing module axi_ram_blk_mem_gen_prim_wrapper_init__parameterized193
INFO: [VRFC 10-311] analyzing module axi_ram_blk_mem_gen_prim_wrapper_init__parameterized194
INFO: [VRFC 10-311] analyzing module axi_ram_blk_mem_gen_prim_wrapper_init__parameterized195
INFO: [VRFC 10-311] analyzing module axi_ram_blk_mem_gen_prim_wrapper_init__parameterized196
INFO: [VRFC 10-311] analyzing module axi_ram_blk_mem_gen_prim_wrapper_init__parameterized197
INFO: [VRFC 10-311] analyzing module axi_ram_blk_mem_gen_prim_wrapper_init__parameterized198
INFO: [VRFC 10-311] analyzing module axi_ram_blk_mem_gen_prim_wrapper_init__parameterized199
INFO: [VRFC 10-311] analyzing module axi_ram_blk_mem_gen_prim_wrapper_init__parameterized2
INFO: [VRFC 10-311] analyzing module axi_ram_blk_mem_gen_prim_wrapper_init__parameterized20
INFO: [VRFC 10-311] analyzing module axi_ram_blk_mem_gen_prim_wrapper_init__parameterized200
INFO: [VRFC 10-311] analyzing module axi_ram_blk_mem_gen_prim_wrapper_init__parameterized201
INFO: [VRFC 10-311] analyzing module axi_ram_blk_mem_gen_prim_wrapper_init__parameterized202
INFO: [VRFC 10-311] analyzing module axi_ram_blk_mem_gen_prim_wrapper_init__parameterized203
INFO: [VRFC 10-311] analyzing module axi_ram_blk_mem_gen_prim_wrapper_init__parameterized204
INFO: [VRFC 10-311] analyzing module axi_ram_blk_mem_gen_prim_wrapper_init__parameterized205
INFO: [VRFC 10-311] analyzing module axi_ram_blk_mem_gen_prim_wrapper_init__parameterized206
INFO: [VRFC 10-311] analyzing module axi_ram_blk_mem_gen_prim_wrapper_init__parameterized207
INFO: [VRFC 10-311] analyzing module axi_ram_blk_mem_gen_prim_wrapper_init__parameterized208
INFO: [VRFC 10-311] analyzing module axi_ram_blk_mem_gen_prim_wrapper_init__parameterized209
INFO: [VRFC 10-311] analyzing module axi_ram_blk_mem_gen_prim_wrapper_init__parameterized21
INFO: [VRFC 10-311] analyzing module axi_ram_blk_mem_gen_prim_wrapper_init__parameterized210
INFO: [VRFC 10-311] analyzing module axi_ram_blk_mem_gen_prim_wrapper_init__parameterized211
INFO: [VRFC 10-311] analyzing module axi_ram_blk_mem_gen_prim_wrapper_init__parameterized212
INFO: [VRFC 10-311] analyzing module axi_ram_blk_mem_gen_prim_wrapper_init__parameterized213
INFO: [VRFC 10-311] analyzing module axi_ram_blk_mem_gen_prim_wrapper_init__parameterized214
INFO: [VRFC 10-311] analyzing module axi_ram_blk_mem_gen_prim_wrapper_init__parameterized215
INFO: [VRFC 10-311] analyzing module axi_ram_blk_mem_gen_prim_wrapper_init__parameterized216
INFO: [VRFC 10-311] analyzing module axi_ram_blk_mem_gen_prim_wrapper_init__parameterized217
INFO: [VRFC 10-311] analyzing module axi_ram_blk_mem_gen_prim_wrapper_init__parameterized218
INFO: [VRFC 10-311] analyzing module axi_ram_blk_mem_gen_prim_wrapper_init__parameterized219
INFO: [VRFC 10-311] analyzing module axi_ram_blk_mem_gen_prim_wrapper_init__parameterized22
INFO: [VRFC 10-311] analyzing module axi_ram_blk_mem_gen_prim_wrapper_init__parameterized220
INFO: [VRFC 10-311] analyzing module axi_ram_blk_mem_gen_prim_wrapper_init__parameterized221
INFO: [VRFC 10-311] analyzing module axi_ram_blk_mem_gen_prim_wrapper_init__parameterized222
INFO: [VRFC 10-311] analyzing module axi_ram_blk_mem_gen_prim_wrapper_init__parameterized223
INFO: [VRFC 10-311] analyzing module axi_ram_blk_mem_gen_prim_wrapper_init__parameterized23
INFO: [VRFC 10-311] analyzing module axi_ram_blk_mem_gen_prim_wrapper_init__parameterized24
INFO: [VRFC 10-311] analyzing module axi_ram_blk_mem_gen_prim_wrapper_init__parameterized25
INFO: [VRFC 10-311] analyzing module axi_ram_blk_mem_gen_prim_wrapper_init__parameterized26
INFO: [VRFC 10-311] analyzing module axi_ram_blk_mem_gen_prim_wrapper_init__parameterized27
INFO: [VRFC 10-311] analyzing module axi_ram_blk_mem_gen_prim_wrapper_init__parameterized28
INFO: [VRFC 10-311] analyzing module axi_ram_blk_mem_gen_prim_wrapper_init__parameterized29
INFO: [VRFC 10-311] analyzing module axi_ram_blk_mem_gen_prim_wrapper_init__parameterized3
INFO: [VRFC 10-311] analyzing module axi_ram_blk_mem_gen_prim_wrapper_init__parameterized30
INFO: [VRFC 10-311] analyzing module axi_ram_blk_mem_gen_prim_wrapper_init__parameterized31
INFO: [VRFC 10-311] analyzing module axi_ram_blk_mem_gen_prim_wrapper_init__parameterized4
INFO: [VRFC 10-311] analyzing module axi_ram_blk_mem_gen_prim_wrapper_init__parameterized5
INFO: [VRFC 10-311] analyzing module axi_ram_blk_mem_gen_prim_wrapper_init__parameterized6
INFO: [VRFC 10-311] analyzing module axi_ram_blk_mem_gen_prim_wrapper_init__parameterized63
INFO: [VRFC 10-311] analyzing module axi_ram_blk_mem_gen_prim_wrapper_init__parameterized65
INFO: [VRFC 10-311] analyzing module axi_ram_blk_mem_gen_prim_wrapper_init__parameterized66
INFO: [VRFC 10-311] analyzing module axi_ram_blk_mem_gen_prim_wrapper_init__parameterized67
INFO: [VRFC 10-311] analyzing module axi_ram_blk_mem_gen_prim_wrapper_init__parameterized68
INFO: [VRFC 10-311] analyzing module axi_ram_blk_mem_gen_prim_wrapper_init__parameterized69
INFO: [VRFC 10-311] analyzing module axi_ram_blk_mem_gen_prim_wrapper_init__parameterized7
INFO: [VRFC 10-311] analyzing module axi_ram_blk_mem_gen_prim_wrapper_init__parameterized70
INFO: [VRFC 10-311] analyzing module axi_ram_blk_mem_gen_prim_wrapper_init__parameterized71
INFO: [VRFC 10-311] analyzing module axi_ram_blk_mem_gen_prim_wrapper_init__parameterized72
INFO: [VRFC 10-311] analyzing module axi_ram_blk_mem_gen_prim_wrapper_init__parameterized73
INFO: [VRFC 10-311] analyzing module axi_ram_blk_mem_gen_prim_wrapper_init__parameterized74
INFO: [VRFC 10-311] analyzing module axi_ram_blk_mem_gen_prim_wrapper_init__parameterized75
INFO: [VRFC 10-311] analyzing module axi_ram_blk_mem_gen_prim_wrapper_init__parameterized76
INFO: [VRFC 10-311] analyzing module axi_ram_blk_mem_gen_prim_wrapper_init__parameterized77
INFO: [VRFC 10-311] analyzing module axi_ram_blk_mem_gen_prim_wrapper_init__parameterized78
INFO: [VRFC 10-311] analyzing module axi_ram_blk_mem_gen_prim_wrapper_init__parameterized79
INFO: [VRFC 10-311] analyzing module axi_ram_blk_mem_gen_prim_wrapper_init__parameterized8
INFO: [VRFC 10-311] analyzing module axi_ram_blk_mem_gen_prim_wrapper_init__parameterized80
INFO: [VRFC 10-311] analyzing module axi_ram_blk_mem_gen_prim_wrapper_init__parameterized81
INFO: [VRFC 10-311] analyzing module axi_ram_blk_mem_gen_prim_wrapper_init__parameterized82
INFO: [VRFC 10-311] analyzing module axi_ram_blk_mem_gen_prim_wrapper_init__parameterized83
INFO: [VRFC 10-311] analyzing module axi_ram_blk_mem_gen_prim_wrapper_init__parameterized84
INFO: [VRFC 10-311] analyzing module axi_ram_blk_mem_gen_prim_wrapper_init__parameterized85
INFO: [VRFC 10-311] analyzing module axi_ram_blk_mem_gen_prim_wrapper_init__parameterized86
INFO: [VRFC 10-311] analyzing module axi_ram_blk_mem_gen_prim_wrapper_init__parameterized87
INFO: [VRFC 10-311] analyzing module axi_ram_blk_mem_gen_prim_wrapper_init__parameterized88
INFO: [VRFC 10-311] analyzing module axi_ram_blk_mem_gen_prim_wrapper_init__parameterized89
INFO: [VRFC 10-311] analyzing module axi_ram_blk_mem_gen_prim_wrapper_init__parameterized9
INFO: [VRFC 10-311] analyzing module axi_ram_blk_mem_gen_prim_wrapper_init__parameterized90
INFO: [VRFC 10-311] analyzing module axi_ram_blk_mem_gen_prim_wrapper_init__parameterized91
INFO: [VRFC 10-311] analyzing module axi_ram_blk_mem_gen_prim_wrapper_init__parameterized92
INFO: [VRFC 10-311] analyzing module axi_ram_blk_mem_gen_prim_wrapper_init__parameterized93
INFO: [VRFC 10-311] analyzing module axi_ram_blk_mem_gen_prim_wrapper_init__parameterized94
INFO: [VRFC 10-311] analyzing module axi_ram_blk_mem_gen_prim_wrapper_init__parameterized95
INFO: [VRFC 10-311] analyzing module axi_ram_blk_mem_gen_top
INFO: [VRFC 10-311] analyzing module axi_ram_blk_mem_gen_v8_4_8
INFO: [VRFC 10-311] analyzing module axi_ram_blk_mem_gen_v8_4_8_synth
INFO: [VRFC 10-2263] Analyzing Verilog file "D:/1Learn/24Summer/Lxb/StarryCPU/StarryCPU_env/soc_verify/soc_axi/rtl/xilinx_ip/axi_ram/axi_ram_stub.v" into library xil_defaultlib
INFO: [VRFC 10-311] analyzing module axi_ram
WARNING: [VRFC 10-3609] overwriting previous definition of module 'axi_ram' [D:/1Learn/24Summer/Lxb/StarryCPU/StarryCPU_env/soc_verify/soc_axi/rtl/xilinx_ip/axi_ram/axi_ram_stub.v:18]
INFO: [VRFC 10-2263] Analyzing Verilog file "D:/1Learn/24Summer/Lxb/StarryCPU/StarryCPU_env/soc_verify/soc_axi/rtl/xilinx_ip/axi_crossbar_1x2/hdl/axi_register_slice_v2_1_vl_rfs.v" into library xil_defaultlib
INFO: [VRFC 10-311] analyzing module axi_register_slice_v2_1_31_test_master
INFO: [VRFC 10-311] analyzing module axi_register_slice_v2_1_31_test_slave
INFO: [VRFC 10-311] analyzing module axi_register_slice_v2_1_31_tdm_sample
INFO: [VRFC 10-311] analyzing module axi_register_slice_v2_1_31_auto_slr
INFO: [VRFC 10-311] analyzing module axi_register_slice_v2_1_31_auto_src
INFO: [VRFC 10-311] analyzing module axi_register_slice_v2_1_31_auto_dest
INFO: [VRFC 10-311] analyzing module axi_register_slice_v2_1_31_srl_rtl
INFO: [VRFC 10-311] analyzing module axi_register_slice_v2_1_31_axic_register_slice
INFO: [VRFC 10-311] analyzing module axi_register_slice_v2_1_31_multi_slr
INFO: [VRFC 10-311] analyzing module axi_register_slice_v2_1_31_middle_region_slr
INFO: [VRFC 10-311] analyzing module axi_register_slice_v2_1_31_source_region_slr
INFO: [VRFC 10-311] analyzing module axi_register_slice_v2_1_31_dest_region_slr
INFO: [VRFC 10-311] analyzing module axi_register_slice_v2_1_31_single_slr
INFO: [VRFC 10-311] analyzing module axi_register_slice_v2_1_31_axic_reg_srl_fifo
INFO: [VRFC 10-311] analyzing module axi_register_slice_v2_1_31_axi_register_slice
INFO: [VRFC 10-2263] Analyzing Verilog file "D:/1Learn/24Summer/Lxb/StarryCPU/StarryCPU_env/soc_verify/soc_axi/rtl/axi_wrap/axi_wrap.v" into library xil_defaultlib
INFO: [VRFC 10-311] analyzing module axi_wrap
INFO: [VRFC 10-2263] Analyzing Verilog file "D:/1Learn/24Summer/Lxb/StarryCPU/StarryCPU_env/soc_verify/soc_axi/rtl/ram_wrap/axi_wrap_ram.v" into library xil_defaultlib
INFO: [VRFC 10-311] analyzing module axi_wrap_ram
INFO: [VRFC 10-2263] Analyzing Verilog file "D:/1Learn/24Summer/Lxb/StarryCPU/StarryCPU_env/soc_verify/soc_axi/rtl/xilinx_ip/axi_ram/simulation/blk_mem_gen_v8_4.v" into library xil_defaultlib
INFO: [VRFC 10-311] analyzing module STATE_LOGIC_v8_4
INFO: [VRFC 10-311] analyzing module beh_vlog_muxf7_v8_4
INFO: [VRFC 10-311] analyzing module beh_vlog_ff_clr_v8_4
INFO: [VRFC 10-311] analyzing module beh_vlog_ff_pre_v8_4
INFO: [VRFC 10-311] analyzing module beh_vlog_ff_ce_clr_v8_4
INFO: [VRFC 10-311] analyzing module write_netlist_v8_4
INFO: [VRFC 10-311] analyzing module read_netlist_v8_4
INFO: [VRFC 10-311] analyzing module blk_mem_axi_write_wrapper_beh_v8_4
INFO: [VRFC 10-311] analyzing module blk_mem_axi_read_wrapper_beh_v8_4
INFO: [VRFC 10-311] analyzing module blk_mem_axi_regs_fwd_v8_4
INFO: [VRFC 10-311] analyzing module blk_mem_gen_v8_4_8_output_stage
INFO: [VRFC 10-311] analyzing module blk_mem_gen_v8_4_8_softecc_output_reg_stage
INFO: [VRFC 10-311] analyzing module blk_mem_gen_v8_4_8_mem_module
INFO: [VRFC 10-311] analyzing module blk_mem_gen_v8_4_8
INFO: [VRFC 10-2263] Analyzing Verilog file "D:/1Learn/24Summer/Lxb/StarryCPU/StarryCPU_env/myCPU/btb.v" into library xil_defaultlib
INFO: [VRFC 10-311] analyzing module btb
INFO: [VRFC 10-2263] Analyzing Verilog file "D:/1Learn/24Summer/Lxb/StarryCPU/StarryCPU_env/soc_verify/soc_axi/rtl/xilinx_ip/clk_pll/clk_pll_sim_netlist.v" into library xil_defaultlib
INFO: [VRFC 10-311] analyzing module clk_pll
INFO: [VRFC 10-311] analyzing module clk_pll_clk_wiz
INFO: [VRFC 10-2263] Analyzing Verilog file "D:/1Learn/24Summer/Lxb/StarryCPU/StarryCPU_env/soc_verify/soc_axi/rtl/xilinx_ip/clk_pll/clk_pll_stub.v" into library xil_defaultlib
INFO: [VRFC 10-311] analyzing module clk_pll
WARNING: [VRFC 10-3609] overwriting previous definition of module 'clk_pll' [D:/1Learn/24Summer/Lxb/StarryCPU/StarryCPU_env/soc_verify/soc_axi/rtl/xilinx_ip/clk_pll/clk_pll_stub.v:17]
INFO: [VRFC 10-2263] Analyzing Verilog file "D:/1Learn/24Summer/Lxb/StarryCPU/StarryCPU_env/soc_verify/soc_axi/rtl/CONFREG/confreg.v" into library xil_defaultlib
INFO: [VRFC 10-311] analyzing module confreg
INFO: [VRFC 10-2263] Analyzing Verilog file "D:/1Learn/24Summer/Lxb/StarryCPU/StarryCPU_env/myCPU/csr.v" into library xil_defaultlib
INFO: [VRFC 10-311] analyzing module csr
INFO: [VRFC 10-2263] Analyzing Verilog file "D:/1Learn/24Summer/Lxb/StarryCPU/StarryCPU_env/myCPU/dcache.v" into library xil_defaultlib
INFO: [VRFC 10-311] analyzing module dcache
INFO: [VRFC 10-311] analyzing module lfsr
INFO: [VRFC 10-2263] Analyzing Verilog file "D:/1Learn/24Summer/Lxb/StarryCPU/StarryCPU_env/myCPU/div.v" into library xil_defaultlib
INFO: [VRFC 10-311] analyzing module div
INFO: [VRFC 10-2263] Analyzing Verilog file "D:/1Learn/24Summer/Lxb/StarryCPU/StarryCPU_env/myCPU/exe_stage.v" into library xil_defaultlib
INFO: [VRFC 10-311] analyzing module exe_stage
WARNING: [VRFC 10-2938] 'es_inst' is already implicitly declared on line 145 [D:/1Learn/24Summer/Lxb/StarryCPU/StarryCPU_env/myCPU/exe_stage.v:368]
WARNING: [VRFC 10-2938] 'es_timer_64' is already implicitly declared on line 144 [D:/1Learn/24Summer/Lxb/StarryCPU/StarryCPU_env/myCPU/exe_stage.v:369]
WARNING: [VRFC 10-2938] 'es_cnt_inst' is already implicitly declared on line 143 [D:/1Learn/24Summer/Lxb/StarryCPU/StarryCPU_env/myCPU/exe_stage.v:370]
WARNING: [VRFC 10-2938] 'es_inst_ld_en' is already implicitly declared on line 142 [D:/1Learn/24Summer/Lxb/StarryCPU/StarryCPU_env/myCPU/exe_stage.v:371]
WARNING: [VRFC 10-2938] 'es_inst_st_en' is already implicitly declared on line 141 [D:/1Learn/24Summer/Lxb/StarryCPU/StarryCPU_env/myCPU/exe_stage.v:372]
WARNING: [VRFC 10-2938] 'es_csr_rstat_en' is already implicitly declared on line 140 [D:/1Learn/24Summer/Lxb/StarryCPU/StarryCPU_env/myCPU/exe_stage.v:373]
INFO: [VRFC 10-2263] Analyzing Verilog file "D:/1Learn/24Summer/Lxb/StarryCPU/StarryCPU_env/soc_verify/soc_axi/rtl/xilinx_ip/axi_crossbar_1x2/hdl/generic_baseblocks_v2_1_vl_rfs.v" into library xil_defaultlib
INFO: [VRFC 10-311] analyzing module generic_baseblocks_v2_1_2_carry_and
INFO: [VRFC 10-311] analyzing module generic_baseblocks_v2_1_2_carry_latch_and
INFO: [VRFC 10-311] analyzing module generic_baseblocks_v2_1_2_carry_latch_or
INFO: [VRFC 10-311] analyzing module generic_baseblocks_v2_1_2_carry_or
INFO: [VRFC 10-311] analyzing module generic_baseblocks_v2_1_2_carry
INFO: [VRFC 10-311] analyzing module generic_baseblocks_v2_1_2_command_fifo
INFO: [VRFC 10-311] analyzing module generic_baseblocks_v2_1_2_comparator_mask_static
INFO: [VRFC 10-311] analyzing module generic_baseblocks_v2_1_2_comparator_mask
INFO: [VRFC 10-311] analyzing module generic_baseblocks_v2_1_2_comparator_sel_mask_static
INFO: [VRFC 10-311] analyzing module generic_baseblocks_v2_1_2_comparator_sel_mask
INFO: [VRFC 10-311] analyzing module generic_baseblocks_v2_1_2_comparator_sel_static
INFO: [VRFC 10-311] analyzing module generic_baseblocks_v2_1_2_comparator_sel
INFO: [VRFC 10-311] analyzing module generic_baseblocks_v2_1_2_comparator_static
INFO: [VRFC 10-311] analyzing module generic_baseblocks_v2_1_2_comparator
INFO: [VRFC 10-311] analyzing module generic_baseblocks_v2_1_2_mux_enc
INFO: [VRFC 10-311] analyzing module generic_baseblocks_v2_1_2_mux
INFO: [VRFC 10-311] analyzing module generic_baseblocks_v2_1_2_nto1_mux
INFO: [VRFC 10-2263] Analyzing Verilog file "D:/1Learn/24Summer/Lxb/StarryCPU/StarryCPU_env/myCPU/icache.v" into library xil_defaultlib
INFO: [VRFC 10-311] analyzing module icache
INFO: [VRFC 10-2263] Analyzing Verilog file "D:/1Learn/24Summer/Lxb/StarryCPU/StarryCPU_env/myCPU/id_stage.v" into library xil_defaultlib
INFO: [VRFC 10-311] analyzing module id_stage
WARNING: [VRFC 10-3380] identifier 'inst_csr_rstat_en' is used before its declaration [D:/1Learn/24Summer/Lxb/StarryCPU/StarryCPU_env/myCPU/id_stage.v:314]
WARNING: [VRFC 10-3380] identifier 'inst_st_en' is used before its declaration [D:/1Learn/24Summer/Lxb/StarryCPU/StarryCPU_env/myCPU/id_stage.v:315]
WARNING: [VRFC 10-3380] identifier 'inst_ld_en' is used before its declaration [D:/1Learn/24Summer/Lxb/StarryCPU/StarryCPU_env/myCPU/id_stage.v:316]
INFO: [VRFC 10-2263] Analyzing Verilog file "D:/1Learn/24Summer/Lxb/StarryCPU/StarryCPU_env/myCPU/if_stage.v" into library xil_defaultlib
INFO: [VRFC 10-311] analyzing module if_stage
INFO: [VRFC 10-2263] Analyzing Verilog file "D:/1Learn/24Summer/Lxb/StarryCPU/StarryCPU_env/myCPU/mem_stage.v" into library xil_defaultlib
INFO: [VRFC 10-311] analyzing module mem_stage
WARNING: [VRFC 10-2938] 'ms_cnt_inst' is already implicitly declared on line 117 [D:/1Learn/24Summer/Lxb/StarryCPU/StarryCPU_env/myCPU/mem_stage.v:336]
WARNING: [VRFC 10-2938] 'ms_timer_64' is already implicitly declared on line 118 [D:/1Learn/24Summer/Lxb/StarryCPU/StarryCPU_env/myCPU/mem_stage.v:337]
WARNING: [VRFC 10-2938] 'ms_inst' is already implicitly declared on line 119 [D:/1Learn/24Summer/Lxb/StarryCPU/StarryCPU_env/myCPU/mem_stage.v:338]
WARNING: [VRFC 10-2938] 'ms_inst_ld_en' is already implicitly declared on line 116 [D:/1Learn/24Summer/Lxb/StarryCPU/StarryCPU_env/myCPU/mem_stage.v:339]
WARNING: [VRFC 10-2938] 'ms_ld_vaddr' is already implicitly declared on line 115 [D:/1Learn/24Summer/Lxb/StarryCPU/StarryCPU_env/myCPU/mem_stage.v:341]
WARNING: [VRFC 10-2938] 'ms_inst_st_en' is already implicitly declared on line 114 [D:/1Learn/24Summer/Lxb/StarryCPU/StarryCPU_env/myCPU/mem_stage.v:342]
WARNING: [VRFC 10-2938] 'ms_st_data' is already implicitly declared on line 113 [D:/1Learn/24Summer/Lxb/StarryCPU/StarryCPU_env/myCPU/mem_stage.v:343]
WARNING: [VRFC 10-2938] 'ms_csr_rstat_en' is already implicitly declared on line 112 [D:/1Learn/24Summer/Lxb/StarryCPU/StarryCPU_env/myCPU/mem_stage.v:344]
WARNING: [VRFC 10-2938] 'ms_csr_data' is already implicitly declared on line 111 [D:/1Learn/24Summer/Lxb/StarryCPU/StarryCPU_env/myCPU/mem_stage.v:345]
WARNING: [VRFC 10-3380] identifier 'ms_ld_paddr' is used before its declaration [D:/1Learn/24Summer/Lxb/StarryCPU/StarryCPU_env/myCPU/mem_stage.v:189]
INFO: [VRFC 10-2263] Analyzing Verilog file "D:/1Learn/24Summer/Lxb/StarryCPU/StarryCPU_env/myCPU/mul.v" into library xil_defaultlib
INFO: [VRFC 10-311] analyzing module YDecoder
INFO: [VRFC 10-311] analyzing module BoothBase
INFO: [VRFC 10-311] analyzing module BoothInterBase
INFO: [VRFC 10-311] analyzing module addr
INFO: [VRFC 10-311] analyzing module WallaceTreeBase
INFO: [VRFC 10-311] analyzing module mul
INFO: [VRFC 10-2263] Analyzing Verilog file "D:/1Learn/24Summer/Lxb/StarryCPU/StarryCPU_env/myCPU/mycpu_top.v" into library xil_defaultlib
INFO: [VRFC 10-311] analyzing module mycpu_top
INFO: [VRFC 10-2263] Analyzing Verilog file "D:/1Learn/24Summer/Lxb/StarryCPU/StarryCPU_env/myCPU/perf_counter.v" into library xil_defaultlib
INFO: [VRFC 10-311] analyzing module perf_counter
INFO: [VRFC 10-2263] Analyzing Verilog file "D:/1Learn/24Summer/Lxb/StarryCPU/StarryCPU_env/myCPU/regfile.v" into library xil_defaultlib
INFO: [VRFC 10-311] analyzing module regfile
INFO: [VRFC 10-2263] Analyzing Verilog file "D:/1Learn/24Summer/Lxb/StarryCPU/StarryCPU_env/soc_verify/soc_axi/rtl/soc_lite_top.v" into library xil_defaultlib
INFO: [VRFC 10-311] analyzing module soc_lite_top
INFO: [VRFC 10-2263] Analyzing Verilog file "D:/1Learn/24Summer/Lxb/StarryCPU/StarryCPU_env/myCPU/tlb_entry.v" into library xil_defaultlib
INFO: [VRFC 10-311] analyzing module tlb_entry
INFO: [VRFC 10-2263] Analyzing Verilog file "D:/1Learn/24Summer/Lxb/StarryCPU/StarryCPU_env/myCPU/tools.v" into library xil_defaultlib
INFO: [VRFC 10-311] analyzing module decoder_2_4
INFO: [VRFC 10-311] analyzing module encoder_4_2
INFO: [VRFC 10-311] analyzing module decoder_4_16
INFO: [VRFC 10-311] analyzing module encoder_16_4
INFO: [VRFC 10-311] analyzing module decoder_5_32
INFO: [VRFC 10-311] analyzing module encoder_32_5
INFO: [VRFC 10-311] analyzing module decoder_6_64
INFO: [VRFC 10-311] analyzing module one_valid_32
INFO: [VRFC 10-2263] Analyzing Verilog file "D:/1Learn/24Summer/Lxb/StarryCPU/StarryCPU_env/myCPU/wb_stage.v" into library xil_defaultlib
INFO: [VRFC 10-311] analyzing module wb_stage
INFO: [VRFC 10-2263] Analyzing SystemVerilog file "D:/1Learn/24Summer/Lxb/StarryCPU/StarryCPU_env/soc_verify/soc_axi/rtl/xilinx_ip/axi_crossbar_1x2/sim/axi_crossbar_1x2_stub.sv" into library xil_defaultlib
INFO: [VRFC 10-311] analyzing module axi_crossbar_1x2
WARNING: [VRFC 10-3609] overwriting previous definition of module 'axi_crossbar_1x2' [D:/1Learn/24Summer/Lxb/StarryCPU/StarryCPU_env/soc_verify/soc_axi/rtl/xilinx_ip/axi_crossbar_1x2/sim/axi_crossbar_1x2_stub.sv:68]
INFO: [VRFC 10-2263] Analyzing Verilog file "D:/1Learn/24Summer/Lxb/StarryCPU/StarryCPU_env/soc_verify/soc_axi/testbench/mycpu_tb.v" into library xil_defaultlib
INFO: [VRFC 10-311] analyzing module tb_top
WARNING: [VRFC 10-2096] empty statement in sequential block [D:/1Learn/24Summer/Lxb/StarryCPU/StarryCPU_env/soc_verify/soc_axi/testbench/mycpu_tb.v:236]
INFO: [VRFC 10-2263] Analyzing Verilog file "D:/1Learn/24Summer/Lxb/StarryCPU/StarryCPU_env/soc_verify/soc_axi/run_vivado/project/loongson.sim/sim_1/behav/xsim/glbl.v" into library xil_defaultlib
INFO: [VRFC 10-311] analyzing module glbl
WARNING: [VRFC 10-3609] overwriting previous definition of module 'glbl' [D:/1Learn/24Summer/Lxb/StarryCPU/StarryCPU_env/soc_verify/soc_axi/run_vivado/project/loongson.sim/sim_1/behav/xsim/glbl.v:6]
