Vivado Simulator 2019.2
Time resolution is 1 ps
Block Memory Generator module tb_top.soc_lite.u_cpu.icache.way0_bank0.inst.native_mem_module.blk_mem_gen_v8_4_4_inst is using a behavioral model for simulation which will not precisely model memory collision behavior.
Block Memory Generator module tb_top.soc_lite.u_cpu.icache.way0_bank1.inst.native_mem_module.blk_mem_gen_v8_4_4_inst is using a behavioral model for simulation which will not precisely model memory collision behavior.
Block Memory Generator module tb_top.soc_lite.u_cpu.icache.way0_bank2.inst.native_mem_module.blk_mem_gen_v8_4_4_inst is using a behavioral model for simulation which will not precisely model memory collision behavior.
Block Memory Generator module tb_top.soc_lite.u_cpu.icache.way0_bank3.inst.native_mem_module.blk_mem_gen_v8_4_4_inst is using a behavioral model for simulation which will not precisely model memory collision behavior.
Block Memory Generator module tb_top.soc_lite.u_cpu.icache.way1_bank0.inst.native_mem_module.blk_mem_gen_v8_4_4_inst is using a behavioral model for simulation which will not precisely model memory collision behavior.
Block Memory Generator module tb_top.soc_lite.u_cpu.icache.way1_bank1.inst.native_mem_module.blk_mem_gen_v8_4_4_inst is using a behavioral model for simulation which will not precisely model memory collision behavior.
Block Memory Generator module tb_top.soc_lite.u_cpu.icache.way1_bank2.inst.native_mem_module.blk_mem_gen_v8_4_4_inst is using a behavioral model for simulation which will not precisely model memory collision behavior.
Block Memory Generator module tb_top.soc_lite.u_cpu.icache.way1_bank3.inst.native_mem_module.blk_mem_gen_v8_4_4_inst is using a behavioral model for simulation which will not precisely model memory collision behavior.
Block Memory Generator module tb_top.soc_lite.u_cpu.icache.way0_tagv.inst.native_mem_module.blk_mem_gen_v8_4_4_inst is using a behavioral model for simulation which will not precisely model memory collision behavior.
Block Memory Generator module tb_top.soc_lite.u_cpu.icache.way1_tagv.inst.native_mem_module.blk_mem_gen_v8_4_4_inst is using a behavioral model for simulation which will not precisely model memory collision behavior.
Block Memory Generator module tb_top.soc_lite.u_cpu.dcache.way0_bank0.inst.native_mem_module.blk_mem_gen_v8_4_4_inst is using a behavioral model for simulation which will not precisely model memory collision behavior.
Block Memory Generator module tb_top.soc_lite.u_cpu.dcache.way0_bank1.inst.native_mem_module.blk_mem_gen_v8_4_4_inst is using a behavioral model for simulation which will not precisely model memory collision behavior.
Block Memory Generator module tb_top.soc_lite.u_cpu.dcache.way0_bank2.inst.native_mem_module.blk_mem_gen_v8_4_4_inst is using a behavioral model for simulation which will not precisely model memory collision behavior.
Block Memory Generator module tb_top.soc_lite.u_cpu.dcache.way0_bank3.inst.native_mem_module.blk_mem_gen_v8_4_4_inst is using a behavioral model for simulation which will not precisely model memory collision behavior.
Block Memory Generator module tb_top.soc_lite.u_cpu.dcache.way1_bank0.inst.native_mem_module.blk_mem_gen_v8_4_4_inst is using a behavioral model for simulation which will not precisely model memory collision behavior.
Block Memory Generator module tb_top.soc_lite.u_cpu.dcache.way1_bank1.inst.native_mem_module.blk_mem_gen_v8_4_4_inst is using a behavioral model for simulation which will not precisely model memory collision behavior.
Block Memory Generator module tb_top.soc_lite.u_cpu.dcache.way1_bank2.inst.native_mem_module.blk_mem_gen_v8_4_4_inst is using a behavioral model for simulation which will not precisely model memory collision behavior.
Block Memory Generator module tb_top.soc_lite.u_cpu.dcache.way1_bank3.inst.native_mem_module.blk_mem_gen_v8_4_4_inst is using a behavioral model for simulation which will not precisely model memory collision behavior.
Block Memory Generator module tb_top.soc_lite.u_cpu.dcache.way0_tagv.inst.native_mem_module.blk_mem_gen_v8_4_4_inst is using a behavioral model for simulation which will not precisely model memory collision behavior.
Block Memory Generator module tb_top.soc_lite.u_cpu.dcache.way1_tagv.inst.native_mem_module.blk_mem_gen_v8_4_4_inst is using a behavioral model for simulation which will not precisely model memory collision behavior.
