INFO: [VRFC 10-2263] Analyzing Verilog file "D:/1Learn/24Summer/Lxb/StarryCPU/mycpu_env/soc_verify/soc_bram/rtl/xilinx_ip/data_ram/sim/data_ram.v" into library xil_defaultlib
INFO: [VRFC 10-311] analyzing module data_ram
INFO: [VRFC 10-2263] Analyzing Verilog file "D:/1Learn/24Summer/Lxb/StarryCPU/mycpu_env/soc_verify/soc_bram/rtl/xilinx_ip/inst_ram/sim/inst_ram.v" into library xil_defaultlib
INFO: [VRFC 10-311] analyzing module inst_ram
INFO: [VRFC 10-2263] Analyzing Verilog file "D:/1Learn/24Summer/Lxb/StarryCPU/mycpu_env/myCPU/alu.v" into library xil_defaultlib
INFO: [VRFC 10-311] analyzing module alu
INFO: [VRFC 10-2263] Analyzing Verilog file "D:/1Learn/24Summer/Lxb/StarryCPU/mycpu_env/soc_verify/soc_bram/rtl/xilinx_ip/inst_ram/simulation/blk_mem_gen_v8_4.v" into library xil_defaultlib
INFO: [VRFC 10-311] analyzing module STATE_LOGIC_v8_4
INFO: [VRFC 10-311] analyzing module beh_vlog_muxf7_v8_4
INFO: [VRFC 10-311] analyzing module beh_vlog_ff_clr_v8_4
INFO: [VRFC 10-311] analyzing module beh_vlog_ff_pre_v8_4
INFO: [VRFC 10-311] analyzing module beh_vlog_ff_ce_clr_v8_4
INFO: [VRFC 10-311] analyzing module write_netlist_v8_4
INFO: [VRFC 10-311] analyzing module read_netlist_v8_4
INFO: [VRFC 10-311] analyzing module blk_mem_axi_write_wrapper_beh_v8_4
INFO: [VRFC 10-311] analyzing module blk_mem_axi_read_wrapper_beh_v8_4
INFO: [VRFC 10-311] analyzing module blk_mem_axi_regs_fwd_v8_4
INFO: [VRFC 10-311] analyzing module blk_mem_gen_v8_4_8_output_stage
INFO: [VRFC 10-311] analyzing module blk_mem_gen_v8_4_8_softecc_output_reg_stage
INFO: [VRFC 10-311] analyzing module blk_mem_gen_v8_4_8_mem_module
INFO: [VRFC 10-311] analyzing module blk_mem_gen_v8_4_8
INFO: [VRFC 10-2263] Analyzing Verilog file "D:/1Learn/24Summer/Lxb/StarryCPU/mycpu_env/soc_verify/soc_bram/rtl/BRIDGE/bridge_1x2.v" into library xil_defaultlib
INFO: [VRFC 10-311] analyzing module bridge_1x2
INFO: [VRFC 10-2263] Analyzing Verilog file "D:/1Learn/24Summer/Lxb/StarryCPU/mycpu_env/soc_verify/soc_bram/rtl/xilinx_ip/clk_pll/clk_pll_sim_netlist.v" into library xil_defaultlib
INFO: [VRFC 10-311] analyzing module clk_pll
INFO: [VRFC 10-311] analyzing module clk_pll_clk_wiz
INFO: [VRFC 10-311] analyzing module glbl
INFO: [VRFC 10-2263] Analyzing Verilog file "D:/1Learn/24Summer/Lxb/StarryCPU/mycpu_env/soc_verify/soc_bram/rtl/xilinx_ip/clk_pll/clk_pll_stub.v" into library xil_defaultlib
INFO: [VRFC 10-311] analyzing module clk_pll
WARNING: [VRFC 10-3609] overwriting previous definition of module 'clk_pll' [D:/1Learn/24Summer/Lxb/StarryCPU/mycpu_env/soc_verify/soc_bram/rtl/xilinx_ip/clk_pll/clk_pll_stub.v:17]
INFO: [VRFC 10-2263] Analyzing Verilog file "D:/1Learn/24Summer/Lxb/StarryCPU/mycpu_env/soc_verify/soc_bram/rtl/CONFREG/confreg.v" into library xil_defaultlib
INFO: [VRFC 10-311] analyzing module confreg
INFO: [VRFC 10-2263] Analyzing Verilog file "D:/1Learn/24Summer/Lxb/StarryCPU/mycpu_env/soc_verify/soc_bram/rtl/xilinx_ip/data_ram/data_ram_sim_netlist.v" into library xil_defaultlib
INFO: [VRFC 10-311] analyzing module data_ram
WARNING: [VRFC 10-3609] overwriting previous definition of module 'data_ram' [D:/1Learn/24Summer/Lxb/StarryCPU/mycpu_env/soc_verify/soc_bram/rtl/xilinx_ip/data_ram/data_ram_sim_netlist.v:18]
INFO: [VRFC 10-311] analyzing module data_ram_blk_mem_gen_generic_cstr
INFO: [VRFC 10-311] analyzing module data_ram_blk_mem_gen_mux
INFO: [VRFC 10-311] analyzing module data_ram_blk_mem_gen_prim_width
INFO: [VRFC 10-311] analyzing module data_ram_blk_mem_gen_prim_width_0
INFO: [VRFC 10-311] analyzing module data_ram_blk_mem_gen_prim_width_1
INFO: [VRFC 10-311] analyzing module data_ram_blk_mem_gen_prim_width_10
INFO: [VRFC 10-311] analyzing module data_ram_blk_mem_gen_prim_width_11
INFO: [VRFC 10-311] analyzing module data_ram_blk_mem_gen_prim_width_12
INFO: [VRFC 10-311] analyzing module data_ram_blk_mem_gen_prim_width_13
INFO: [VRFC 10-311] analyzing module data_ram_blk_mem_gen_prim_width_14
INFO: [VRFC 10-311] analyzing module data_ram_blk_mem_gen_prim_width_15
INFO: [VRFC 10-311] analyzing module data_ram_blk_mem_gen_prim_width_16
INFO: [VRFC 10-311] analyzing module data_ram_blk_mem_gen_prim_width_17
INFO: [VRFC 10-311] analyzing module data_ram_blk_mem_gen_prim_width_18
INFO: [VRFC 10-311] analyzing module data_ram_blk_mem_gen_prim_width_19
INFO: [VRFC 10-311] analyzing module data_ram_blk_mem_gen_prim_width_2
INFO: [VRFC 10-311] analyzing module data_ram_blk_mem_gen_prim_width_20
INFO: [VRFC 10-311] analyzing module data_ram_blk_mem_gen_prim_width_21
INFO: [VRFC 10-311] analyzing module data_ram_blk_mem_gen_prim_width_22
INFO: [VRFC 10-311] analyzing module data_ram_blk_mem_gen_prim_width_23
INFO: [VRFC 10-311] analyzing module data_ram_blk_mem_gen_prim_width_24
INFO: [VRFC 10-311] analyzing module data_ram_blk_mem_gen_prim_width_25
INFO: [VRFC 10-311] analyzing module data_ram_blk_mem_gen_prim_width_26
INFO: [VRFC 10-311] analyzing module data_ram_blk_mem_gen_prim_width_27
INFO: [VRFC 10-311] analyzing module data_ram_blk_mem_gen_prim_width_28
INFO: [VRFC 10-311] analyzing module data_ram_blk_mem_gen_prim_width_29
INFO: [VRFC 10-311] analyzing module data_ram_blk_mem_gen_prim_width_3
INFO: [VRFC 10-311] analyzing module data_ram_blk_mem_gen_prim_width_30
INFO: [VRFC 10-311] analyzing module data_ram_blk_mem_gen_prim_width_31
INFO: [VRFC 10-311] analyzing module data_ram_blk_mem_gen_prim_width_32
INFO: [VRFC 10-311] analyzing module data_ram_blk_mem_gen_prim_width_33
INFO: [VRFC 10-311] analyzing module data_ram_blk_mem_gen_prim_width_34
INFO: [VRFC 10-311] analyzing module data_ram_blk_mem_gen_prim_width_35
INFO: [VRFC 10-311] analyzing module data_ram_blk_mem_gen_prim_width_36
INFO: [VRFC 10-311] analyzing module data_ram_blk_mem_gen_prim_width_37
INFO: [VRFC 10-311] analyzing module data_ram_blk_mem_gen_prim_width_38
INFO: [VRFC 10-311] analyzing module data_ram_blk_mem_gen_prim_width_39
INFO: [VRFC 10-311] analyzing module data_ram_blk_mem_gen_prim_width_4
INFO: [VRFC 10-311] analyzing module data_ram_blk_mem_gen_prim_width_40
INFO: [VRFC 10-311] analyzing module data_ram_blk_mem_gen_prim_width_41
INFO: [VRFC 10-311] analyzing module data_ram_blk_mem_gen_prim_width_42
INFO: [VRFC 10-311] analyzing module data_ram_blk_mem_gen_prim_width_43
INFO: [VRFC 10-311] analyzing module data_ram_blk_mem_gen_prim_width_44
INFO: [VRFC 10-311] analyzing module data_ram_blk_mem_gen_prim_width_45
INFO: [VRFC 10-311] analyzing module data_ram_blk_mem_gen_prim_width_46
INFO: [VRFC 10-311] analyzing module data_ram_blk_mem_gen_prim_width_47
INFO: [VRFC 10-311] analyzing module data_ram_blk_mem_gen_prim_width_48
INFO: [VRFC 10-311] analyzing module data_ram_blk_mem_gen_prim_width_49
INFO: [VRFC 10-311] analyzing module data_ram_blk_mem_gen_prim_width_5
INFO: [VRFC 10-311] analyzing module data_ram_blk_mem_gen_prim_width_50
INFO: [VRFC 10-311] analyzing module data_ram_blk_mem_gen_prim_width_51
INFO: [VRFC 10-311] analyzing module data_ram_blk_mem_gen_prim_width_52
INFO: [VRFC 10-311] analyzing module data_ram_blk_mem_gen_prim_width_53
INFO: [VRFC 10-311] analyzing module data_ram_blk_mem_gen_prim_width_54
INFO: [VRFC 10-311] analyzing module data_ram_blk_mem_gen_prim_width_55
INFO: [VRFC 10-311] analyzing module data_ram_blk_mem_gen_prim_width_56
INFO: [VRFC 10-311] analyzing module data_ram_blk_mem_gen_prim_width_57
INFO: [VRFC 10-311] analyzing module data_ram_blk_mem_gen_prim_width_58
INFO: [VRFC 10-311] analyzing module data_ram_blk_mem_gen_prim_width_59
INFO: [VRFC 10-311] analyzing module data_ram_blk_mem_gen_prim_width_6
INFO: [VRFC 10-311] analyzing module data_ram_blk_mem_gen_prim_width_60
INFO: [VRFC 10-311] analyzing module data_ram_blk_mem_gen_prim_width_61
INFO: [VRFC 10-311] analyzing module data_ram_blk_mem_gen_prim_width_62
INFO: [VRFC 10-311] analyzing module data_ram_blk_mem_gen_prim_width_7
INFO: [VRFC 10-311] analyzing module data_ram_blk_mem_gen_prim_width_8
INFO: [VRFC 10-311] analyzing module data_ram_blk_mem_gen_prim_width_9
INFO: [VRFC 10-311] analyzing module data_ram_blk_mem_gen_prim_wrapper
INFO: [VRFC 10-311] analyzing module data_ram_blk_mem_gen_prim_wrapper_100
INFO: [VRFC 10-311] analyzing module data_ram_blk_mem_gen_prim_wrapper_101
INFO: [VRFC 10-311] analyzing module data_ram_blk_mem_gen_prim_wrapper_102
INFO: [VRFC 10-311] analyzing module data_ram_blk_mem_gen_prim_wrapper_103
INFO: [VRFC 10-311] analyzing module data_ram_blk_mem_gen_prim_wrapper_104
INFO: [VRFC 10-311] analyzing module data_ram_blk_mem_gen_prim_wrapper_105
INFO: [VRFC 10-311] analyzing module data_ram_blk_mem_gen_prim_wrapper_106
INFO: [VRFC 10-311] analyzing module data_ram_blk_mem_gen_prim_wrapper_107
INFO: [VRFC 10-311] analyzing module data_ram_blk_mem_gen_prim_wrapper_108
INFO: [VRFC 10-311] analyzing module data_ram_blk_mem_gen_prim_wrapper_109
INFO: [VRFC 10-311] analyzing module data_ram_blk_mem_gen_prim_wrapper_110
INFO: [VRFC 10-311] analyzing module data_ram_blk_mem_gen_prim_wrapper_111
INFO: [VRFC 10-311] analyzing module data_ram_blk_mem_gen_prim_wrapper_112
INFO: [VRFC 10-311] analyzing module data_ram_blk_mem_gen_prim_wrapper_113
INFO: [VRFC 10-311] analyzing module data_ram_blk_mem_gen_prim_wrapper_114
INFO: [VRFC 10-311] analyzing module data_ram_blk_mem_gen_prim_wrapper_115
INFO: [VRFC 10-311] analyzing module data_ram_blk_mem_gen_prim_wrapper_116
INFO: [VRFC 10-311] analyzing module data_ram_blk_mem_gen_prim_wrapper_117
INFO: [VRFC 10-311] analyzing module data_ram_blk_mem_gen_prim_wrapper_118
INFO: [VRFC 10-311] analyzing module data_ram_blk_mem_gen_prim_wrapper_119
INFO: [VRFC 10-311] analyzing module data_ram_blk_mem_gen_prim_wrapper_120
INFO: [VRFC 10-311] analyzing module data_ram_blk_mem_gen_prim_wrapper_121
INFO: [VRFC 10-311] analyzing module data_ram_blk_mem_gen_prim_wrapper_122
INFO: [VRFC 10-311] analyzing module data_ram_blk_mem_gen_prim_wrapper_123
INFO: [VRFC 10-311] analyzing module data_ram_blk_mem_gen_prim_wrapper_124
INFO: [VRFC 10-311] analyzing module data_ram_blk_mem_gen_prim_wrapper_125
INFO: [VRFC 10-311] analyzing module data_ram_blk_mem_gen_prim_wrapper_63
INFO: [VRFC 10-311] analyzing module data_ram_blk_mem_gen_prim_wrapper_64
INFO: [VRFC 10-311] analyzing module data_ram_blk_mem_gen_prim_wrapper_65
INFO: [VRFC 10-311] analyzing module data_ram_blk_mem_gen_prim_wrapper_66
INFO: [VRFC 10-311] analyzing module data_ram_blk_mem_gen_prim_wrapper_67
INFO: [VRFC 10-311] analyzing module data_ram_blk_mem_gen_prim_wrapper_68
INFO: [VRFC 10-311] analyzing module data_ram_blk_mem_gen_prim_wrapper_69
INFO: [VRFC 10-311] analyzing module data_ram_blk_mem_gen_prim_wrapper_70
INFO: [VRFC 10-311] analyzing module data_ram_blk_mem_gen_prim_wrapper_71
INFO: [VRFC 10-311] analyzing module data_ram_blk_mem_gen_prim_wrapper_72
INFO: [VRFC 10-311] analyzing module data_ram_blk_mem_gen_prim_wrapper_73
INFO: [VRFC 10-311] analyzing module data_ram_blk_mem_gen_prim_wrapper_74
INFO: [VRFC 10-311] analyzing module data_ram_blk_mem_gen_prim_wrapper_75
INFO: [VRFC 10-311] analyzing module data_ram_blk_mem_gen_prim_wrapper_76
INFO: [VRFC 10-311] analyzing module data_ram_blk_mem_gen_prim_wrapper_77
INFO: [VRFC 10-311] analyzing module data_ram_blk_mem_gen_prim_wrapper_78
INFO: [VRFC 10-311] analyzing module data_ram_blk_mem_gen_prim_wrapper_79
INFO: [VRFC 10-311] analyzing module data_ram_blk_mem_gen_prim_wrapper_80
INFO: [VRFC 10-311] analyzing module data_ram_blk_mem_gen_prim_wrapper_81
INFO: [VRFC 10-311] analyzing module data_ram_blk_mem_gen_prim_wrapper_82
INFO: [VRFC 10-311] analyzing module data_ram_blk_mem_gen_prim_wrapper_83
INFO: [VRFC 10-311] analyzing module data_ram_blk_mem_gen_prim_wrapper_84
INFO: [VRFC 10-311] analyzing module data_ram_blk_mem_gen_prim_wrapper_85
INFO: [VRFC 10-311] analyzing module data_ram_blk_mem_gen_prim_wrapper_86
INFO: [VRFC 10-311] analyzing module data_ram_blk_mem_gen_prim_wrapper_87
INFO: [VRFC 10-311] analyzing module data_ram_blk_mem_gen_prim_wrapper_88
INFO: [VRFC 10-311] analyzing module data_ram_blk_mem_gen_prim_wrapper_89
INFO: [VRFC 10-311] analyzing module data_ram_blk_mem_gen_prim_wrapper_90
INFO: [VRFC 10-311] analyzing module data_ram_blk_mem_gen_prim_wrapper_91
INFO: [VRFC 10-311] analyzing module data_ram_blk_mem_gen_prim_wrapper_92
INFO: [VRFC 10-311] analyzing module data_ram_blk_mem_gen_prim_wrapper_93
INFO: [VRFC 10-311] analyzing module data_ram_blk_mem_gen_prim_wrapper_94
INFO: [VRFC 10-311] analyzing module data_ram_blk_mem_gen_prim_wrapper_95
INFO: [VRFC 10-311] analyzing module data_ram_blk_mem_gen_prim_wrapper_96
INFO: [VRFC 10-311] analyzing module data_ram_blk_mem_gen_prim_wrapper_97
INFO: [VRFC 10-311] analyzing module data_ram_blk_mem_gen_prim_wrapper_98
INFO: [VRFC 10-311] analyzing module data_ram_blk_mem_gen_prim_wrapper_99
INFO: [VRFC 10-311] analyzing module data_ram_blk_mem_gen_top
INFO: [VRFC 10-311] analyzing module data_ram_blk_mem_gen_v8_4_8
INFO: [VRFC 10-311] analyzing module data_ram_blk_mem_gen_v8_4_8_synth
INFO: [VRFC 10-2263] Analyzing Verilog file "D:/1Learn/24Summer/Lxb/StarryCPU/mycpu_env/myCPU/id.v" into library xil_defaultlib
INFO: [VRFC 10-311] analyzing module id_stage
INFO: [VRFC 10-2263] Analyzing Verilog file "D:/1Learn/24Summer/Lxb/StarryCPU/mycpu_env/myCPU/if.v" into library xil_defaultlib
INFO: [VRFC 10-311] analyzing module if_stage
INFO: [VRFC 10-2263] Analyzing Verilog file "D:/1Learn/24Summer/Lxb/StarryCPU/mycpu_env/soc_verify/soc_bram/rtl/xilinx_ip/inst_ram/inst_ram_sim_netlist.v" into library xil_defaultlib
INFO: [VRFC 10-311] analyzing module inst_ram
WARNING: [VRFC 10-3609] overwriting previous definition of module 'inst_ram' [D:/1Learn/24Summer/Lxb/StarryCPU/mycpu_env/soc_verify/soc_bram/rtl/xilinx_ip/inst_ram/inst_ram_sim_netlist.v:18]
INFO: [VRFC 10-311] analyzing module inst_ram_blk_mem_gen_generic_cstr
INFO: [VRFC 10-311] analyzing module inst_ram_blk_mem_gen_mux
INFO: [VRFC 10-311] analyzing module inst_ram_blk_mem_gen_prim_width
INFO: [VRFC 10-311] analyzing module inst_ram_blk_mem_gen_prim_width__parameterized0
INFO: [VRFC 10-311] analyzing module inst_ram_blk_mem_gen_prim_width__parameterized0_0
INFO: [VRFC 10-311] analyzing module inst_ram_blk_mem_gen_prim_width__parameterized0_1
INFO: [VRFC 10-311] analyzing module inst_ram_blk_mem_gen_prim_width__parameterized0_10
INFO: [VRFC 10-311] analyzing module inst_ram_blk_mem_gen_prim_width__parameterized0_11
INFO: [VRFC 10-311] analyzing module inst_ram_blk_mem_gen_prim_width__parameterized0_12
INFO: [VRFC 10-311] analyzing module inst_ram_blk_mem_gen_prim_width__parameterized0_13
INFO: [VRFC 10-311] analyzing module inst_ram_blk_mem_gen_prim_width__parameterized0_14
INFO: [VRFC 10-311] analyzing module inst_ram_blk_mem_gen_prim_width__parameterized0_15
INFO: [VRFC 10-311] analyzing module inst_ram_blk_mem_gen_prim_width__parameterized0_16
INFO: [VRFC 10-311] analyzing module inst_ram_blk_mem_gen_prim_width__parameterized0_17
INFO: [VRFC 10-311] analyzing module inst_ram_blk_mem_gen_prim_width__parameterized0_18
INFO: [VRFC 10-311] analyzing module inst_ram_blk_mem_gen_prim_width__parameterized0_19
INFO: [VRFC 10-311] analyzing module inst_ram_blk_mem_gen_prim_width__parameterized0_2
INFO: [VRFC 10-311] analyzing module inst_ram_blk_mem_gen_prim_width__parameterized0_20
INFO: [VRFC 10-311] analyzing module inst_ram_blk_mem_gen_prim_width__parameterized0_21
INFO: [VRFC 10-311] analyzing module inst_ram_blk_mem_gen_prim_width__parameterized0_22
INFO: [VRFC 10-311] analyzing module inst_ram_blk_mem_gen_prim_width__parameterized0_3
INFO: [VRFC 10-311] analyzing module inst_ram_blk_mem_gen_prim_width__parameterized0_4
INFO: [VRFC 10-311] analyzing module inst_ram_blk_mem_gen_prim_width__parameterized0_5
INFO: [VRFC 10-311] analyzing module inst_ram_blk_mem_gen_prim_width__parameterized0_6
INFO: [VRFC 10-311] analyzing module inst_ram_blk_mem_gen_prim_width__parameterized0_7
INFO: [VRFC 10-311] analyzing module inst_ram_blk_mem_gen_prim_width__parameterized0_8
INFO: [VRFC 10-311] analyzing module inst_ram_blk_mem_gen_prim_width__parameterized0_9
INFO: [VRFC 10-311] analyzing module inst_ram_blk_mem_gen_prim_width__parameterized1
INFO: [VRFC 10-311] analyzing module inst_ram_blk_mem_gen_prim_width__parameterized10
INFO: [VRFC 10-311] analyzing module inst_ram_blk_mem_gen_prim_width__parameterized100
INFO: [VRFC 10-311] analyzing module inst_ram_blk_mem_gen_prim_width__parameterized101
INFO: [VRFC 10-311] analyzing module inst_ram_blk_mem_gen_prim_width__parameterized102
INFO: [VRFC 10-311] analyzing module inst_ram_blk_mem_gen_prim_width__parameterized103
INFO: [VRFC 10-311] analyzing module inst_ram_blk_mem_gen_prim_width__parameterized104
INFO: [VRFC 10-311] analyzing module inst_ram_blk_mem_gen_prim_width__parameterized105
INFO: [VRFC 10-311] analyzing module inst_ram_blk_mem_gen_prim_width__parameterized106
INFO: [VRFC 10-311] analyzing module inst_ram_blk_mem_gen_prim_width__parameterized107
INFO: [VRFC 10-311] analyzing module inst_ram_blk_mem_gen_prim_width__parameterized108
INFO: [VRFC 10-311] analyzing module inst_ram_blk_mem_gen_prim_width__parameterized109
INFO: [VRFC 10-311] analyzing module inst_ram_blk_mem_gen_prim_width__parameterized11
INFO: [VRFC 10-311] analyzing module inst_ram_blk_mem_gen_prim_width__parameterized110
INFO: [VRFC 10-311] analyzing module inst_ram_blk_mem_gen_prim_width__parameterized111
INFO: [VRFC 10-311] analyzing module inst_ram_blk_mem_gen_prim_width__parameterized112
INFO: [VRFC 10-311] analyzing module inst_ram_blk_mem_gen_prim_width__parameterized113
INFO: [VRFC 10-311] analyzing module inst_ram_blk_mem_gen_prim_width__parameterized114
INFO: [VRFC 10-311] analyzing module inst_ram_blk_mem_gen_prim_width__parameterized115
INFO: [VRFC 10-311] analyzing module inst_ram_blk_mem_gen_prim_width__parameterized116
INFO: [VRFC 10-311] analyzing module inst_ram_blk_mem_gen_prim_width__parameterized117
INFO: [VRFC 10-311] analyzing module inst_ram_blk_mem_gen_prim_width__parameterized118
INFO: [VRFC 10-311] analyzing module inst_ram_blk_mem_gen_prim_width__parameterized119
INFO: [VRFC 10-311] analyzing module inst_ram_blk_mem_gen_prim_width__parameterized12
INFO: [VRFC 10-311] analyzing module inst_ram_blk_mem_gen_prim_width__parameterized120
INFO: [VRFC 10-311] analyzing module inst_ram_blk_mem_gen_prim_width__parameterized121
INFO: [VRFC 10-311] analyzing module inst_ram_blk_mem_gen_prim_width__parameterized127
INFO: [VRFC 10-311] analyzing module inst_ram_blk_mem_gen_prim_width__parameterized129
INFO: [VRFC 10-311] analyzing module inst_ram_blk_mem_gen_prim_width__parameterized13
INFO: [VRFC 10-311] analyzing module inst_ram_blk_mem_gen_prim_width__parameterized130
INFO: [VRFC 10-311] analyzing module inst_ram_blk_mem_gen_prim_width__parameterized131
INFO: [VRFC 10-311] analyzing module inst_ram_blk_mem_gen_prim_width__parameterized132
INFO: [VRFC 10-311] analyzing module inst_ram_blk_mem_gen_prim_width__parameterized133
INFO: [VRFC 10-311] analyzing module inst_ram_blk_mem_gen_prim_width__parameterized134
INFO: [VRFC 10-311] analyzing module inst_ram_blk_mem_gen_prim_width__parameterized135
INFO: [VRFC 10-311] analyzing module inst_ram_blk_mem_gen_prim_width__parameterized136
INFO: [VRFC 10-311] analyzing module inst_ram_blk_mem_gen_prim_width__parameterized137
INFO: [VRFC 10-311] analyzing module inst_ram_blk_mem_gen_prim_width__parameterized138
INFO: [VRFC 10-311] analyzing module inst_ram_blk_mem_gen_prim_width__parameterized139
INFO: [VRFC 10-311] analyzing module inst_ram_blk_mem_gen_prim_width__parameterized14
INFO: [VRFC 10-311] analyzing module inst_ram_blk_mem_gen_prim_width__parameterized140
INFO: [VRFC 10-311] analyzing module inst_ram_blk_mem_gen_prim_width__parameterized141
INFO: [VRFC 10-311] analyzing module inst_ram_blk_mem_gen_prim_width__parameterized142
INFO: [VRFC 10-311] analyzing module inst_ram_blk_mem_gen_prim_width__parameterized143
INFO: [VRFC 10-311] analyzing module inst_ram_blk_mem_gen_prim_width__parameterized144
INFO: [VRFC 10-311] analyzing module inst_ram_blk_mem_gen_prim_width__parameterized145
INFO: [VRFC 10-311] analyzing module inst_ram_blk_mem_gen_prim_width__parameterized146
INFO: [VRFC 10-311] analyzing module inst_ram_blk_mem_gen_prim_width__parameterized147
INFO: [VRFC 10-311] analyzing module inst_ram_blk_mem_gen_prim_width__parameterized148
INFO: [VRFC 10-311] analyzing module inst_ram_blk_mem_gen_prim_width__parameterized149
INFO: [VRFC 10-311] analyzing module inst_ram_blk_mem_gen_prim_width__parameterized15
INFO: [VRFC 10-311] analyzing module inst_ram_blk_mem_gen_prim_width__parameterized150
INFO: [VRFC 10-311] analyzing module inst_ram_blk_mem_gen_prim_width__parameterized151
INFO: [VRFC 10-311] analyzing module inst_ram_blk_mem_gen_prim_width__parameterized152
INFO: [VRFC 10-311] analyzing module inst_ram_blk_mem_gen_prim_width__parameterized153
INFO: [VRFC 10-311] analyzing module inst_ram_blk_mem_gen_prim_width__parameterized154
INFO: [VRFC 10-311] analyzing module inst_ram_blk_mem_gen_prim_width__parameterized155
INFO: [VRFC 10-311] analyzing module inst_ram_blk_mem_gen_prim_width__parameterized156
INFO: [VRFC 10-311] analyzing module inst_ram_blk_mem_gen_prim_width__parameterized157
INFO: [VRFC 10-311] analyzing module inst_ram_blk_mem_gen_prim_width__parameterized158
INFO: [VRFC 10-311] analyzing module inst_ram_blk_mem_gen_prim_width__parameterized159
INFO: [VRFC 10-311] analyzing module inst_ram_blk_mem_gen_prim_width__parameterized16
INFO: [VRFC 10-311] analyzing module inst_ram_blk_mem_gen_prim_width__parameterized160
INFO: [VRFC 10-311] analyzing module inst_ram_blk_mem_gen_prim_width__parameterized161
INFO: [VRFC 10-311] analyzing module inst_ram_blk_mem_gen_prim_width__parameterized162
INFO: [VRFC 10-311] analyzing module inst_ram_blk_mem_gen_prim_width__parameterized163
INFO: [VRFC 10-311] analyzing module inst_ram_blk_mem_gen_prim_width__parameterized164
INFO: [VRFC 10-311] analyzing module inst_ram_blk_mem_gen_prim_width__parameterized165
INFO: [VRFC 10-311] analyzing module inst_ram_blk_mem_gen_prim_width__parameterized166
INFO: [VRFC 10-311] analyzing module inst_ram_blk_mem_gen_prim_width__parameterized167
INFO: [VRFC 10-311] analyzing module inst_ram_blk_mem_gen_prim_width__parameterized168
INFO: [VRFC 10-311] analyzing module inst_ram_blk_mem_gen_prim_width__parameterized169
INFO: [VRFC 10-311] analyzing module inst_ram_blk_mem_gen_prim_width__parameterized17
INFO: [VRFC 10-311] analyzing module inst_ram_blk_mem_gen_prim_width__parameterized170
INFO: [VRFC 10-311] analyzing module inst_ram_blk_mem_gen_prim_width__parameterized171
INFO: [VRFC 10-311] analyzing module inst_ram_blk_mem_gen_prim_width__parameterized172
INFO: [VRFC 10-311] analyzing module inst_ram_blk_mem_gen_prim_width__parameterized173
INFO: [VRFC 10-311] analyzing module inst_ram_blk_mem_gen_prim_width__parameterized174
INFO: [VRFC 10-311] analyzing module inst_ram_blk_mem_gen_prim_width__parameterized175
INFO: [VRFC 10-311] analyzing module inst_ram_blk_mem_gen_prim_width__parameterized176
INFO: [VRFC 10-311] analyzing module inst_ram_blk_mem_gen_prim_width__parameterized177
INFO: [VRFC 10-311] analyzing module inst_ram_blk_mem_gen_prim_width__parameterized178
INFO: [VRFC 10-311] analyzing module inst_ram_blk_mem_gen_prim_width__parameterized179
INFO: [VRFC 10-311] analyzing module inst_ram_blk_mem_gen_prim_width__parameterized18
INFO: [VRFC 10-311] analyzing module inst_ram_blk_mem_gen_prim_width__parameterized180
INFO: [VRFC 10-311] analyzing module inst_ram_blk_mem_gen_prim_width__parameterized181
INFO: [VRFC 10-311] analyzing module inst_ram_blk_mem_gen_prim_width__parameterized182
INFO: [VRFC 10-311] analyzing module inst_ram_blk_mem_gen_prim_width__parameterized183
INFO: [VRFC 10-311] analyzing module inst_ram_blk_mem_gen_prim_width__parameterized184
INFO: [VRFC 10-311] analyzing module inst_ram_blk_mem_gen_prim_width__parameterized185
INFO: [VRFC 10-311] analyzing module inst_ram_blk_mem_gen_prim_width__parameterized19
INFO: [VRFC 10-311] analyzing module inst_ram_blk_mem_gen_prim_width__parameterized191
INFO: [VRFC 10-311] analyzing module inst_ram_blk_mem_gen_prim_width__parameterized193
INFO: [VRFC 10-311] analyzing module inst_ram_blk_mem_gen_prim_width__parameterized194
INFO: [VRFC 10-311] analyzing module inst_ram_blk_mem_gen_prim_width__parameterized195
INFO: [VRFC 10-311] analyzing module inst_ram_blk_mem_gen_prim_width__parameterized196
INFO: [VRFC 10-311] analyzing module inst_ram_blk_mem_gen_prim_width__parameterized197
INFO: [VRFC 10-311] analyzing module inst_ram_blk_mem_gen_prim_width__parameterized198
INFO: [VRFC 10-311] analyzing module inst_ram_blk_mem_gen_prim_width__parameterized199
INFO: [VRFC 10-311] analyzing module inst_ram_blk_mem_gen_prim_width__parameterized2
INFO: [VRFC 10-311] analyzing module inst_ram_blk_mem_gen_prim_width__parameterized20
INFO: [VRFC 10-311] analyzing module inst_ram_blk_mem_gen_prim_width__parameterized200
INFO: [VRFC 10-311] analyzing module inst_ram_blk_mem_gen_prim_width__parameterized201
INFO: [VRFC 10-311] analyzing module inst_ram_blk_mem_gen_prim_width__parameterized202
INFO: [VRFC 10-311] analyzing module inst_ram_blk_mem_gen_prim_width__parameterized203
INFO: [VRFC 10-311] analyzing module inst_ram_blk_mem_gen_prim_width__parameterized204
INFO: [VRFC 10-311] analyzing module inst_ram_blk_mem_gen_prim_width__parameterized205
INFO: [VRFC 10-311] analyzing module inst_ram_blk_mem_gen_prim_width__parameterized206
INFO: [VRFC 10-311] analyzing module inst_ram_blk_mem_gen_prim_width__parameterized207
INFO: [VRFC 10-311] analyzing module inst_ram_blk_mem_gen_prim_width__parameterized208
INFO: [VRFC 10-311] analyzing module inst_ram_blk_mem_gen_prim_width__parameterized209
INFO: [VRFC 10-311] analyzing module inst_ram_blk_mem_gen_prim_width__parameterized21
INFO: [VRFC 10-311] analyzing module inst_ram_blk_mem_gen_prim_width__parameterized210
INFO: [VRFC 10-311] analyzing module inst_ram_blk_mem_gen_prim_width__parameterized211
INFO: [VRFC 10-311] analyzing module inst_ram_blk_mem_gen_prim_width__parameterized212
INFO: [VRFC 10-311] analyzing module inst_ram_blk_mem_gen_prim_width__parameterized213
INFO: [VRFC 10-311] analyzing module inst_ram_blk_mem_gen_prim_width__parameterized214
INFO: [VRFC 10-311] analyzing module inst_ram_blk_mem_gen_prim_width__parameterized215
INFO: [VRFC 10-311] analyzing module inst_ram_blk_mem_gen_prim_width__parameterized216
INFO: [VRFC 10-311] analyzing module inst_ram_blk_mem_gen_prim_width__parameterized217
INFO: [VRFC 10-311] analyzing module inst_ram_blk_mem_gen_prim_width__parameterized218
INFO: [VRFC 10-311] analyzing module inst_ram_blk_mem_gen_prim_width__parameterized219
INFO: [VRFC 10-311] analyzing module inst_ram_blk_mem_gen_prim_width__parameterized22
INFO: [VRFC 10-311] analyzing module inst_ram_blk_mem_gen_prim_width__parameterized220
INFO: [VRFC 10-311] analyzing module inst_ram_blk_mem_gen_prim_width__parameterized221
INFO: [VRFC 10-311] analyzing module inst_ram_blk_mem_gen_prim_width__parameterized222
INFO: [VRFC 10-311] analyzing module inst_ram_blk_mem_gen_prim_width__parameterized223
INFO: [VRFC 10-311] analyzing module inst_ram_blk_mem_gen_prim_width__parameterized224
INFO: [VRFC 10-311] analyzing module inst_ram_blk_mem_gen_prim_width__parameterized225
INFO: [VRFC 10-311] analyzing module inst_ram_blk_mem_gen_prim_width__parameterized226
INFO: [VRFC 10-311] analyzing module inst_ram_blk_mem_gen_prim_width__parameterized227
INFO: [VRFC 10-311] analyzing module inst_ram_blk_mem_gen_prim_width__parameterized228
INFO: [VRFC 10-311] analyzing module inst_ram_blk_mem_gen_prim_width__parameterized229
INFO: [VRFC 10-311] analyzing module inst_ram_blk_mem_gen_prim_width__parameterized23
INFO: [VRFC 10-311] analyzing module inst_ram_blk_mem_gen_prim_width__parameterized230
INFO: [VRFC 10-311] analyzing module inst_ram_blk_mem_gen_prim_width__parameterized231
INFO: [VRFC 10-311] analyzing module inst_ram_blk_mem_gen_prim_width__parameterized232
INFO: [VRFC 10-311] analyzing module inst_ram_blk_mem_gen_prim_width__parameterized233
INFO: [VRFC 10-311] analyzing module inst_ram_blk_mem_gen_prim_width__parameterized234
INFO: [VRFC 10-311] analyzing module inst_ram_blk_mem_gen_prim_width__parameterized235
INFO: [VRFC 10-311] analyzing module inst_ram_blk_mem_gen_prim_width__parameterized236
INFO: [VRFC 10-311] analyzing module inst_ram_blk_mem_gen_prim_width__parameterized237
INFO: [VRFC 10-311] analyzing module inst_ram_blk_mem_gen_prim_width__parameterized238
INFO: [VRFC 10-311] analyzing module inst_ram_blk_mem_gen_prim_width__parameterized239
INFO: [VRFC 10-311] analyzing module inst_ram_blk_mem_gen_prim_width__parameterized24
INFO: [VRFC 10-311] analyzing module inst_ram_blk_mem_gen_prim_width__parameterized240
INFO: [VRFC 10-311] analyzing module inst_ram_blk_mem_gen_prim_width__parameterized241
INFO: [VRFC 10-311] analyzing module inst_ram_blk_mem_gen_prim_width__parameterized242
INFO: [VRFC 10-311] analyzing module inst_ram_blk_mem_gen_prim_width__parameterized243
INFO: [VRFC 10-311] analyzing module inst_ram_blk_mem_gen_prim_width__parameterized244
INFO: [VRFC 10-311] analyzing module inst_ram_blk_mem_gen_prim_width__parameterized245
INFO: [VRFC 10-311] analyzing module inst_ram_blk_mem_gen_prim_width__parameterized246
INFO: [VRFC 10-311] analyzing module inst_ram_blk_mem_gen_prim_width__parameterized247
INFO: [VRFC 10-311] analyzing module inst_ram_blk_mem_gen_prim_width__parameterized248
INFO: [VRFC 10-311] analyzing module inst_ram_blk_mem_gen_prim_width__parameterized249
INFO: [VRFC 10-311] analyzing module inst_ram_blk_mem_gen_prim_width__parameterized25
INFO: [VRFC 10-311] analyzing module inst_ram_blk_mem_gen_prim_width__parameterized26
INFO: [VRFC 10-311] analyzing module inst_ram_blk_mem_gen_prim_width__parameterized27
INFO: [VRFC 10-311] analyzing module inst_ram_blk_mem_gen_prim_width__parameterized28
INFO: [VRFC 10-311] analyzing module inst_ram_blk_mem_gen_prim_width__parameterized29
INFO: [VRFC 10-311] analyzing module inst_ram_blk_mem_gen_prim_width__parameterized3
INFO: [VRFC 10-311] analyzing module inst_ram_blk_mem_gen_prim_width__parameterized30
INFO: [VRFC 10-311] analyzing module inst_ram_blk_mem_gen_prim_width__parameterized31
INFO: [VRFC 10-311] analyzing module inst_ram_blk_mem_gen_prim_width__parameterized32
INFO: [VRFC 10-311] analyzing module inst_ram_blk_mem_gen_prim_width__parameterized33
INFO: [VRFC 10-311] analyzing module inst_ram_blk_mem_gen_prim_width__parameterized34
INFO: [VRFC 10-311] analyzing module inst_ram_blk_mem_gen_prim_width__parameterized35
INFO: [VRFC 10-311] analyzing module inst_ram_blk_mem_gen_prim_width__parameterized36
INFO: [VRFC 10-311] analyzing module inst_ram_blk_mem_gen_prim_width__parameterized37
INFO: [VRFC 10-311] analyzing module inst_ram_blk_mem_gen_prim_width__parameterized38
INFO: [VRFC 10-311] analyzing module inst_ram_blk_mem_gen_prim_width__parameterized39
INFO: [VRFC 10-311] analyzing module inst_ram_blk_mem_gen_prim_width__parameterized4
INFO: [VRFC 10-311] analyzing module inst_ram_blk_mem_gen_prim_width__parameterized40
INFO: [VRFC 10-311] analyzing module inst_ram_blk_mem_gen_prim_width__parameterized41
INFO: [VRFC 10-311] analyzing module inst_ram_blk_mem_gen_prim_width__parameterized42
INFO: [VRFC 10-311] analyzing module inst_ram_blk_mem_gen_prim_width__parameterized43
INFO: [VRFC 10-311] analyzing module inst_ram_blk_mem_gen_prim_width__parameterized44
INFO: [VRFC 10-311] analyzing module inst_ram_blk_mem_gen_prim_width__parameterized45
INFO: [VRFC 10-311] analyzing module inst_ram_blk_mem_gen_prim_width__parameterized46
INFO: [VRFC 10-311] analyzing module inst_ram_blk_mem_gen_prim_width__parameterized47
INFO: [VRFC 10-311] analyzing module inst_ram_blk_mem_gen_prim_width__parameterized48
INFO: [VRFC 10-311] analyzing module inst_ram_blk_mem_gen_prim_width__parameterized49
INFO: [VRFC 10-311] analyzing module inst_ram_blk_mem_gen_prim_width__parameterized5
INFO: [VRFC 10-311] analyzing module inst_ram_blk_mem_gen_prim_width__parameterized50
INFO: [VRFC 10-311] analyzing module inst_ram_blk_mem_gen_prim_width__parameterized51
INFO: [VRFC 10-311] analyzing module inst_ram_blk_mem_gen_prim_width__parameterized52
INFO: [VRFC 10-311] analyzing module inst_ram_blk_mem_gen_prim_width__parameterized53
INFO: [VRFC 10-311] analyzing module inst_ram_blk_mem_gen_prim_width__parameterized54
INFO: [VRFC 10-311] analyzing module inst_ram_blk_mem_gen_prim_width__parameterized55
INFO: [VRFC 10-311] analyzing module inst_ram_blk_mem_gen_prim_width__parameterized56
INFO: [VRFC 10-311] analyzing module inst_ram_blk_mem_gen_prim_width__parameterized57
INFO: [VRFC 10-311] analyzing module inst_ram_blk_mem_gen_prim_width__parameterized6
INFO: [VRFC 10-311] analyzing module inst_ram_blk_mem_gen_prim_width__parameterized63
INFO: [VRFC 10-311] analyzing module inst_ram_blk_mem_gen_prim_width__parameterized65
INFO: [VRFC 10-311] analyzing module inst_ram_blk_mem_gen_prim_width__parameterized66
INFO: [VRFC 10-311] analyzing module inst_ram_blk_mem_gen_prim_width__parameterized67
INFO: [VRFC 10-311] analyzing module inst_ram_blk_mem_gen_prim_width__parameterized68
INFO: [VRFC 10-311] analyzing module inst_ram_blk_mem_gen_prim_width__parameterized69
INFO: [VRFC 10-311] analyzing module inst_ram_blk_mem_gen_prim_width__parameterized7
INFO: [VRFC 10-311] analyzing module inst_ram_blk_mem_gen_prim_width__parameterized70
INFO: [VRFC 10-311] analyzing module inst_ram_blk_mem_gen_prim_width__parameterized71
INFO: [VRFC 10-311] analyzing module inst_ram_blk_mem_gen_prim_width__parameterized72
INFO: [VRFC 10-311] analyzing module inst_ram_blk_mem_gen_prim_width__parameterized73
INFO: [VRFC 10-311] analyzing module inst_ram_blk_mem_gen_prim_width__parameterized74
INFO: [VRFC 10-311] analyzing module inst_ram_blk_mem_gen_prim_width__parameterized75
INFO: [VRFC 10-311] analyzing module inst_ram_blk_mem_gen_prim_width__parameterized76
INFO: [VRFC 10-311] analyzing module inst_ram_blk_mem_gen_prim_width__parameterized77
INFO: [VRFC 10-311] analyzing module inst_ram_blk_mem_gen_prim_width__parameterized78
INFO: [VRFC 10-311] analyzing module inst_ram_blk_mem_gen_prim_width__parameterized79
INFO: [VRFC 10-311] analyzing module inst_ram_blk_mem_gen_prim_width__parameterized8
INFO: [VRFC 10-311] analyzing module inst_ram_blk_mem_gen_prim_width__parameterized80
INFO: [VRFC 10-311] analyzing module inst_ram_blk_mem_gen_prim_width__parameterized81
INFO: [VRFC 10-311] analyzing module inst_ram_blk_mem_gen_prim_width__parameterized82
INFO: [VRFC 10-311] analyzing module inst_ram_blk_mem_gen_prim_width__parameterized83
INFO: [VRFC 10-311] analyzing module inst_ram_blk_mem_gen_prim_width__parameterized84
INFO: [VRFC 10-311] analyzing module inst_ram_blk_mem_gen_prim_width__parameterized85
INFO: [VRFC 10-311] analyzing module inst_ram_blk_mem_gen_prim_width__parameterized86
INFO: [VRFC 10-311] analyzing module inst_ram_blk_mem_gen_prim_width__parameterized87
INFO: [VRFC 10-311] analyzing module inst_ram_blk_mem_gen_prim_width__parameterized88
INFO: [VRFC 10-311] analyzing module inst_ram_blk_mem_gen_prim_width__parameterized89
INFO: [VRFC 10-311] analyzing module inst_ram_blk_mem_gen_prim_width__parameterized9
INFO: [VRFC 10-311] analyzing module inst_ram_blk_mem_gen_prim_width__parameterized90
INFO: [VRFC 10-311] analyzing module inst_ram_blk_mem_gen_prim_width__parameterized91
INFO: [VRFC 10-311] analyzing module inst_ram_blk_mem_gen_prim_width__parameterized92
INFO: [VRFC 10-311] analyzing module inst_ram_blk_mem_gen_prim_width__parameterized93
INFO: [VRFC 10-311] analyzing module inst_ram_blk_mem_gen_prim_width__parameterized94
INFO: [VRFC 10-311] analyzing module inst_ram_blk_mem_gen_prim_width__parameterized95
INFO: [VRFC 10-311] analyzing module inst_ram_blk_mem_gen_prim_width__parameterized96
INFO: [VRFC 10-311] analyzing module inst_ram_blk_mem_gen_prim_width__parameterized97
INFO: [VRFC 10-311] analyzing module inst_ram_blk_mem_gen_prim_width__parameterized98
INFO: [VRFC 10-311] analyzing module inst_ram_blk_mem_gen_prim_width__parameterized99
INFO: [VRFC 10-311] analyzing module inst_ram_blk_mem_gen_prim_wrapper_init
INFO: [VRFC 10-311] analyzing module inst_ram_blk_mem_gen_prim_wrapper_init__parameterized0
INFO: [VRFC 10-311] analyzing module inst_ram_blk_mem_gen_prim_wrapper_init__parameterized0_23
INFO: [VRFC 10-311] analyzing module inst_ram_blk_mem_gen_prim_wrapper_init__parameterized0_24
INFO: [VRFC 10-311] analyzing module inst_ram_blk_mem_gen_prim_wrapper_init__parameterized0_25
INFO: [VRFC 10-311] analyzing module inst_ram_blk_mem_gen_prim_wrapper_init__parameterized0_26
INFO: [VRFC 10-311] analyzing module inst_ram_blk_mem_gen_prim_wrapper_init__parameterized0_27
INFO: [VRFC 10-311] analyzing module inst_ram_blk_mem_gen_prim_wrapper_init__parameterized0_28
INFO: [VRFC 10-311] analyzing module inst_ram_blk_mem_gen_prim_wrapper_init__parameterized0_29
INFO: [VRFC 10-311] analyzing module inst_ram_blk_mem_gen_prim_wrapper_init__parameterized0_30
INFO: [VRFC 10-311] analyzing module inst_ram_blk_mem_gen_prim_wrapper_init__parameterized0_31
INFO: [VRFC 10-311] analyzing module inst_ram_blk_mem_gen_prim_wrapper_init__parameterized0_32
INFO: [VRFC 10-311] analyzing module inst_ram_blk_mem_gen_prim_wrapper_init__parameterized0_33
INFO: [VRFC 10-311] analyzing module inst_ram_blk_mem_gen_prim_wrapper_init__parameterized0_34
INFO: [VRFC 10-311] analyzing module inst_ram_blk_mem_gen_prim_wrapper_init__parameterized0_35
INFO: [VRFC 10-311] analyzing module inst_ram_blk_mem_gen_prim_wrapper_init__parameterized0_36
INFO: [VRFC 10-311] analyzing module inst_ram_blk_mem_gen_prim_wrapper_init__parameterized0_37
INFO: [VRFC 10-311] analyzing module inst_ram_blk_mem_gen_prim_wrapper_init__parameterized0_38
INFO: [VRFC 10-311] analyzing module inst_ram_blk_mem_gen_prim_wrapper_init__parameterized0_39
INFO: [VRFC 10-311] analyzing module inst_ram_blk_mem_gen_prim_wrapper_init__parameterized0_40
INFO: [VRFC 10-311] analyzing module inst_ram_blk_mem_gen_prim_wrapper_init__parameterized0_41
INFO: [VRFC 10-311] analyzing module inst_ram_blk_mem_gen_prim_wrapper_init__parameterized0_42
INFO: [VRFC 10-311] analyzing module inst_ram_blk_mem_gen_prim_wrapper_init__parameterized0_43
INFO: [VRFC 10-311] analyzing module inst_ram_blk_mem_gen_prim_wrapper_init__parameterized0_44
INFO: [VRFC 10-311] analyzing module inst_ram_blk_mem_gen_prim_wrapper_init__parameterized0_45
INFO: [VRFC 10-311] analyzing module inst_ram_blk_mem_gen_prim_wrapper_init__parameterized1
INFO: [VRFC 10-311] analyzing module inst_ram_blk_mem_gen_prim_wrapper_init__parameterized10
INFO: [VRFC 10-311] analyzing module inst_ram_blk_mem_gen_prim_wrapper_init__parameterized100
INFO: [VRFC 10-311] analyzing module inst_ram_blk_mem_gen_prim_wrapper_init__parameterized101
INFO: [VRFC 10-311] analyzing module inst_ram_blk_mem_gen_prim_wrapper_init__parameterized102
INFO: [VRFC 10-311] analyzing module inst_ram_blk_mem_gen_prim_wrapper_init__parameterized103
INFO: [VRFC 10-311] analyzing module inst_ram_blk_mem_gen_prim_wrapper_init__parameterized104
INFO: [VRFC 10-311] analyzing module inst_ram_blk_mem_gen_prim_wrapper_init__parameterized105
INFO: [VRFC 10-311] analyzing module inst_ram_blk_mem_gen_prim_wrapper_init__parameterized106
INFO: [VRFC 10-311] analyzing module inst_ram_blk_mem_gen_prim_wrapper_init__parameterized107
INFO: [VRFC 10-311] analyzing module inst_ram_blk_mem_gen_prim_wrapper_init__parameterized108
INFO: [VRFC 10-311] analyzing module inst_ram_blk_mem_gen_prim_wrapper_init__parameterized109
INFO: [VRFC 10-311] analyzing module inst_ram_blk_mem_gen_prim_wrapper_init__parameterized11
INFO: [VRFC 10-311] analyzing module inst_ram_blk_mem_gen_prim_wrapper_init__parameterized110
INFO: [VRFC 10-311] analyzing module inst_ram_blk_mem_gen_prim_wrapper_init__parameterized111
INFO: [VRFC 10-311] analyzing module inst_ram_blk_mem_gen_prim_wrapper_init__parameterized112
INFO: [VRFC 10-311] analyzing module inst_ram_blk_mem_gen_prim_wrapper_init__parameterized113
INFO: [VRFC 10-311] analyzing module inst_ram_blk_mem_gen_prim_wrapper_init__parameterized114
INFO: [VRFC 10-311] analyzing module inst_ram_blk_mem_gen_prim_wrapper_init__parameterized115
INFO: [VRFC 10-311] analyzing module inst_ram_blk_mem_gen_prim_wrapper_init__parameterized116
INFO: [VRFC 10-311] analyzing module inst_ram_blk_mem_gen_prim_wrapper_init__parameterized117
INFO: [VRFC 10-311] analyzing module inst_ram_blk_mem_gen_prim_wrapper_init__parameterized118
INFO: [VRFC 10-311] analyzing module inst_ram_blk_mem_gen_prim_wrapper_init__parameterized119
INFO: [VRFC 10-311] analyzing module inst_ram_blk_mem_gen_prim_wrapper_init__parameterized12
INFO: [VRFC 10-311] analyzing module inst_ram_blk_mem_gen_prim_wrapper_init__parameterized120
INFO: [VRFC 10-311] analyzing module inst_ram_blk_mem_gen_prim_wrapper_init__parameterized121
INFO: [VRFC 10-311] analyzing module inst_ram_blk_mem_gen_prim_wrapper_init__parameterized127
INFO: [VRFC 10-311] analyzing module inst_ram_blk_mem_gen_prim_wrapper_init__parameterized129
INFO: [VRFC 10-311] analyzing module inst_ram_blk_mem_gen_prim_wrapper_init__parameterized13
INFO: [VRFC 10-311] analyzing module inst_ram_blk_mem_gen_prim_wrapper_init__parameterized130
INFO: [VRFC 10-311] analyzing module inst_ram_blk_mem_gen_prim_wrapper_init__parameterized131
INFO: [VRFC 10-311] analyzing module inst_ram_blk_mem_gen_prim_wrapper_init__parameterized132
INFO: [VRFC 10-311] analyzing module inst_ram_blk_mem_gen_prim_wrapper_init__parameterized133
INFO: [VRFC 10-311] analyzing module inst_ram_blk_mem_gen_prim_wrapper_init__parameterized134
INFO: [VRFC 10-311] analyzing module inst_ram_blk_mem_gen_prim_wrapper_init__parameterized135
INFO: [VRFC 10-311] analyzing module inst_ram_blk_mem_gen_prim_wrapper_init__parameterized136
INFO: [VRFC 10-311] analyzing module inst_ram_blk_mem_gen_prim_wrapper_init__parameterized137
INFO: [VRFC 10-311] analyzing module inst_ram_blk_mem_gen_prim_wrapper_init__parameterized138
INFO: [VRFC 10-311] analyzing module inst_ram_blk_mem_gen_prim_wrapper_init__parameterized139
INFO: [VRFC 10-311] analyzing module inst_ram_blk_mem_gen_prim_wrapper_init__parameterized14
INFO: [VRFC 10-311] analyzing module inst_ram_blk_mem_gen_prim_wrapper_init__parameterized140
INFO: [VRFC 10-311] analyzing module inst_ram_blk_mem_gen_prim_wrapper_init__parameterized141
INFO: [VRFC 10-311] analyzing module inst_ram_blk_mem_gen_prim_wrapper_init__parameterized142
INFO: [VRFC 10-311] analyzing module inst_ram_blk_mem_gen_prim_wrapper_init__parameterized143
INFO: [VRFC 10-311] analyzing module inst_ram_blk_mem_gen_prim_wrapper_init__parameterized144
INFO: [VRFC 10-311] analyzing module inst_ram_blk_mem_gen_prim_wrapper_init__parameterized145
INFO: [VRFC 10-311] analyzing module inst_ram_blk_mem_gen_prim_wrapper_init__parameterized146
INFO: [VRFC 10-311] analyzing module inst_ram_blk_mem_gen_prim_wrapper_init__parameterized147
INFO: [VRFC 10-311] analyzing module inst_ram_blk_mem_gen_prim_wrapper_init__parameterized148
INFO: [VRFC 10-311] analyzing module inst_ram_blk_mem_gen_prim_wrapper_init__parameterized149
INFO: [VRFC 10-311] analyzing module inst_ram_blk_mem_gen_prim_wrapper_init__parameterized15
INFO: [VRFC 10-311] analyzing module inst_ram_blk_mem_gen_prim_wrapper_init__parameterized150
INFO: [VRFC 10-311] analyzing module inst_ram_blk_mem_gen_prim_wrapper_init__parameterized151
INFO: [VRFC 10-311] analyzing module inst_ram_blk_mem_gen_prim_wrapper_init__parameterized152
INFO: [VRFC 10-311] analyzing module inst_ram_blk_mem_gen_prim_wrapper_init__parameterized153
INFO: [VRFC 10-311] analyzing module inst_ram_blk_mem_gen_prim_wrapper_init__parameterized154
INFO: [VRFC 10-311] analyzing module inst_ram_blk_mem_gen_prim_wrapper_init__parameterized155
INFO: [VRFC 10-311] analyzing module inst_ram_blk_mem_gen_prim_wrapper_init__parameterized156
INFO: [VRFC 10-311] analyzing module inst_ram_blk_mem_gen_prim_wrapper_init__parameterized157
INFO: [VRFC 10-311] analyzing module inst_ram_blk_mem_gen_prim_wrapper_init__parameterized158
INFO: [VRFC 10-311] analyzing module inst_ram_blk_mem_gen_prim_wrapper_init__parameterized159
INFO: [VRFC 10-311] analyzing module inst_ram_blk_mem_gen_prim_wrapper_init__parameterized16
INFO: [VRFC 10-311] analyzing module inst_ram_blk_mem_gen_prim_wrapper_init__parameterized160
INFO: [VRFC 10-311] analyzing module inst_ram_blk_mem_gen_prim_wrapper_init__parameterized161
INFO: [VRFC 10-311] analyzing module inst_ram_blk_mem_gen_prim_wrapper_init__parameterized162
INFO: [VRFC 10-311] analyzing module inst_ram_blk_mem_gen_prim_wrapper_init__parameterized163
INFO: [VRFC 10-311] analyzing module inst_ram_blk_mem_gen_prim_wrapper_init__parameterized164
INFO: [VRFC 10-311] analyzing module inst_ram_blk_mem_gen_prim_wrapper_init__parameterized165
INFO: [VRFC 10-311] analyzing module inst_ram_blk_mem_gen_prim_wrapper_init__parameterized166
INFO: [VRFC 10-311] analyzing module inst_ram_blk_mem_gen_prim_wrapper_init__parameterized167
INFO: [VRFC 10-311] analyzing module inst_ram_blk_mem_gen_prim_wrapper_init__parameterized168
INFO: [VRFC 10-311] analyzing module inst_ram_blk_mem_gen_prim_wrapper_init__parameterized169
INFO: [VRFC 10-311] analyzing module inst_ram_blk_mem_gen_prim_wrapper_init__parameterized17
INFO: [VRFC 10-311] analyzing module inst_ram_blk_mem_gen_prim_wrapper_init__parameterized170
INFO: [VRFC 10-311] analyzing module inst_ram_blk_mem_gen_prim_wrapper_init__parameterized171
INFO: [VRFC 10-311] analyzing module inst_ram_blk_mem_gen_prim_wrapper_init__parameterized172
INFO: [VRFC 10-311] analyzing module inst_ram_blk_mem_gen_prim_wrapper_init__parameterized173
INFO: [VRFC 10-311] analyzing module inst_ram_blk_mem_gen_prim_wrapper_init__parameterized174
INFO: [VRFC 10-311] analyzing module inst_ram_blk_mem_gen_prim_wrapper_init__parameterized175
INFO: [VRFC 10-311] analyzing module inst_ram_blk_mem_gen_prim_wrapper_init__parameterized176
INFO: [VRFC 10-311] analyzing module inst_ram_blk_mem_gen_prim_wrapper_init__parameterized177
INFO: [VRFC 10-311] analyzing module inst_ram_blk_mem_gen_prim_wrapper_init__parameterized178
INFO: [VRFC 10-311] analyzing module inst_ram_blk_mem_gen_prim_wrapper_init__parameterized179
INFO: [VRFC 10-311] analyzing module inst_ram_blk_mem_gen_prim_wrapper_init__parameterized18
INFO: [VRFC 10-311] analyzing module inst_ram_blk_mem_gen_prim_wrapper_init__parameterized180
INFO: [VRFC 10-311] analyzing module inst_ram_blk_mem_gen_prim_wrapper_init__parameterized181
INFO: [VRFC 10-311] analyzing module inst_ram_blk_mem_gen_prim_wrapper_init__parameterized182
INFO: [VRFC 10-311] analyzing module inst_ram_blk_mem_gen_prim_wrapper_init__parameterized183
INFO: [VRFC 10-311] analyzing module inst_ram_blk_mem_gen_prim_wrapper_init__parameterized184
INFO: [VRFC 10-311] analyzing module inst_ram_blk_mem_gen_prim_wrapper_init__parameterized185
INFO: [VRFC 10-311] analyzing module inst_ram_blk_mem_gen_prim_wrapper_init__parameterized19
INFO: [VRFC 10-311] analyzing module inst_ram_blk_mem_gen_prim_wrapper_init__parameterized191
INFO: [VRFC 10-311] analyzing module inst_ram_blk_mem_gen_prim_wrapper_init__parameterized193
INFO: [VRFC 10-311] analyzing module inst_ram_blk_mem_gen_prim_wrapper_init__parameterized194
INFO: [VRFC 10-311] analyzing module inst_ram_blk_mem_gen_prim_wrapper_init__parameterized195
INFO: [VRFC 10-311] analyzing module inst_ram_blk_mem_gen_prim_wrapper_init__parameterized196
INFO: [VRFC 10-311] analyzing module inst_ram_blk_mem_gen_prim_wrapper_init__parameterized197
INFO: [VRFC 10-311] analyzing module inst_ram_blk_mem_gen_prim_wrapper_init__parameterized198
INFO: [VRFC 10-311] analyzing module inst_ram_blk_mem_gen_prim_wrapper_init__parameterized199
INFO: [VRFC 10-311] analyzing module inst_ram_blk_mem_gen_prim_wrapper_init__parameterized2
INFO: [VRFC 10-311] analyzing module inst_ram_blk_mem_gen_prim_wrapper_init__parameterized20
INFO: [VRFC 10-311] analyzing module inst_ram_blk_mem_gen_prim_wrapper_init__parameterized200
INFO: [VRFC 10-311] analyzing module inst_ram_blk_mem_gen_prim_wrapper_init__parameterized201
INFO: [VRFC 10-311] analyzing module inst_ram_blk_mem_gen_prim_wrapper_init__parameterized202
INFO: [VRFC 10-311] analyzing module inst_ram_blk_mem_gen_prim_wrapper_init__parameterized203
INFO: [VRFC 10-311] analyzing module inst_ram_blk_mem_gen_prim_wrapper_init__parameterized204
INFO: [VRFC 10-311] analyzing module inst_ram_blk_mem_gen_prim_wrapper_init__parameterized205
INFO: [VRFC 10-311] analyzing module inst_ram_blk_mem_gen_prim_wrapper_init__parameterized206
INFO: [VRFC 10-311] analyzing module inst_ram_blk_mem_gen_prim_wrapper_init__parameterized207
INFO: [VRFC 10-311] analyzing module inst_ram_blk_mem_gen_prim_wrapper_init__parameterized208
INFO: [VRFC 10-311] analyzing module inst_ram_blk_mem_gen_prim_wrapper_init__parameterized209
INFO: [VRFC 10-311] analyzing module inst_ram_blk_mem_gen_prim_wrapper_init__parameterized21
INFO: [VRFC 10-311] analyzing module inst_ram_blk_mem_gen_prim_wrapper_init__parameterized210
INFO: [VRFC 10-311] analyzing module inst_ram_blk_mem_gen_prim_wrapper_init__parameterized211
INFO: [VRFC 10-311] analyzing module inst_ram_blk_mem_gen_prim_wrapper_init__parameterized212
INFO: [VRFC 10-311] analyzing module inst_ram_blk_mem_gen_prim_wrapper_init__parameterized213
INFO: [VRFC 10-311] analyzing module inst_ram_blk_mem_gen_prim_wrapper_init__parameterized214
INFO: [VRFC 10-311] analyzing module inst_ram_blk_mem_gen_prim_wrapper_init__parameterized215
INFO: [VRFC 10-311] analyzing module inst_ram_blk_mem_gen_prim_wrapper_init__parameterized216
INFO: [VRFC 10-311] analyzing module inst_ram_blk_mem_gen_prim_wrapper_init__parameterized217
INFO: [VRFC 10-311] analyzing module inst_ram_blk_mem_gen_prim_wrapper_init__parameterized218
INFO: [VRFC 10-311] analyzing module inst_ram_blk_mem_gen_prim_wrapper_init__parameterized219
INFO: [VRFC 10-311] analyzing module inst_ram_blk_mem_gen_prim_wrapper_init__parameterized22
INFO: [VRFC 10-311] analyzing module inst_ram_blk_mem_gen_prim_wrapper_init__parameterized220
INFO: [VRFC 10-311] analyzing module inst_ram_blk_mem_gen_prim_wrapper_init__parameterized221
INFO: [VRFC 10-311] analyzing module inst_ram_blk_mem_gen_prim_wrapper_init__parameterized222
INFO: [VRFC 10-311] analyzing module inst_ram_blk_mem_gen_prim_wrapper_init__parameterized223
INFO: [VRFC 10-311] analyzing module inst_ram_blk_mem_gen_prim_wrapper_init__parameterized224
INFO: [VRFC 10-311] analyzing module inst_ram_blk_mem_gen_prim_wrapper_init__parameterized225
INFO: [VRFC 10-311] analyzing module inst_ram_blk_mem_gen_prim_wrapper_init__parameterized226
INFO: [VRFC 10-311] analyzing module inst_ram_blk_mem_gen_prim_wrapper_init__parameterized227
INFO: [VRFC 10-311] analyzing module inst_ram_blk_mem_gen_prim_wrapper_init__parameterized228
INFO: [VRFC 10-311] analyzing module inst_ram_blk_mem_gen_prim_wrapper_init__parameterized229
INFO: [VRFC 10-311] analyzing module inst_ram_blk_mem_gen_prim_wrapper_init__parameterized23
INFO: [VRFC 10-311] analyzing module inst_ram_blk_mem_gen_prim_wrapper_init__parameterized230
INFO: [VRFC 10-311] analyzing module inst_ram_blk_mem_gen_prim_wrapper_init__parameterized231
INFO: [VRFC 10-311] analyzing module inst_ram_blk_mem_gen_prim_wrapper_init__parameterized232
INFO: [VRFC 10-311] analyzing module inst_ram_blk_mem_gen_prim_wrapper_init__parameterized233
INFO: [VRFC 10-311] analyzing module inst_ram_blk_mem_gen_prim_wrapper_init__parameterized234
INFO: [VRFC 10-311] analyzing module inst_ram_blk_mem_gen_prim_wrapper_init__parameterized235
INFO: [VRFC 10-311] analyzing module inst_ram_blk_mem_gen_prim_wrapper_init__parameterized236
INFO: [VRFC 10-311] analyzing module inst_ram_blk_mem_gen_prim_wrapper_init__parameterized237
INFO: [VRFC 10-311] analyzing module inst_ram_blk_mem_gen_prim_wrapper_init__parameterized238
INFO: [VRFC 10-311] analyzing module inst_ram_blk_mem_gen_prim_wrapper_init__parameterized239
INFO: [VRFC 10-311] analyzing module inst_ram_blk_mem_gen_prim_wrapper_init__parameterized24
INFO: [VRFC 10-311] analyzing module inst_ram_blk_mem_gen_prim_wrapper_init__parameterized240
INFO: [VRFC 10-311] analyzing module inst_ram_blk_mem_gen_prim_wrapper_init__parameterized241
INFO: [VRFC 10-311] analyzing module inst_ram_blk_mem_gen_prim_wrapper_init__parameterized242
INFO: [VRFC 10-311] analyzing module inst_ram_blk_mem_gen_prim_wrapper_init__parameterized243
INFO: [VRFC 10-311] analyzing module inst_ram_blk_mem_gen_prim_wrapper_init__parameterized244
INFO: [VRFC 10-311] analyzing module inst_ram_blk_mem_gen_prim_wrapper_init__parameterized245
INFO: [VRFC 10-311] analyzing module inst_ram_blk_mem_gen_prim_wrapper_init__parameterized246
INFO: [VRFC 10-311] analyzing module inst_ram_blk_mem_gen_prim_wrapper_init__parameterized247
INFO: [VRFC 10-311] analyzing module inst_ram_blk_mem_gen_prim_wrapper_init__parameterized248
INFO: [VRFC 10-311] analyzing module inst_ram_blk_mem_gen_prim_wrapper_init__parameterized249
INFO: [VRFC 10-311] analyzing module inst_ram_blk_mem_gen_prim_wrapper_init__parameterized25
INFO: [VRFC 10-311] analyzing module inst_ram_blk_mem_gen_prim_wrapper_init__parameterized26
INFO: [VRFC 10-311] analyzing module inst_ram_blk_mem_gen_prim_wrapper_init__parameterized27
INFO: [VRFC 10-311] analyzing module inst_ram_blk_mem_gen_prim_wrapper_init__parameterized28
INFO: [VRFC 10-311] analyzing module inst_ram_blk_mem_gen_prim_wrapper_init__parameterized29
INFO: [VRFC 10-311] analyzing module inst_ram_blk_mem_gen_prim_wrapper_init__parameterized3
INFO: [VRFC 10-311] analyzing module inst_ram_blk_mem_gen_prim_wrapper_init__parameterized30
INFO: [VRFC 10-311] analyzing module inst_ram_blk_mem_gen_prim_wrapper_init__parameterized31
INFO: [VRFC 10-311] analyzing module inst_ram_blk_mem_gen_prim_wrapper_init__parameterized32
INFO: [VRFC 10-311] analyzing module inst_ram_blk_mem_gen_prim_wrapper_init__parameterized33
INFO: [VRFC 10-311] analyzing module inst_ram_blk_mem_gen_prim_wrapper_init__parameterized34
INFO: [VRFC 10-311] analyzing module inst_ram_blk_mem_gen_prim_wrapper_init__parameterized35
INFO: [VRFC 10-311] analyzing module inst_ram_blk_mem_gen_prim_wrapper_init__parameterized36
INFO: [VRFC 10-311] analyzing module inst_ram_blk_mem_gen_prim_wrapper_init__parameterized37
INFO: [VRFC 10-311] analyzing module inst_ram_blk_mem_gen_prim_wrapper_init__parameterized38
INFO: [VRFC 10-311] analyzing module inst_ram_blk_mem_gen_prim_wrapper_init__parameterized39
INFO: [VRFC 10-311] analyzing module inst_ram_blk_mem_gen_prim_wrapper_init__parameterized4
INFO: [VRFC 10-311] analyzing module inst_ram_blk_mem_gen_prim_wrapper_init__parameterized40
INFO: [VRFC 10-311] analyzing module inst_ram_blk_mem_gen_prim_wrapper_init__parameterized41
INFO: [VRFC 10-311] analyzing module inst_ram_blk_mem_gen_prim_wrapper_init__parameterized42
INFO: [VRFC 10-311] analyzing module inst_ram_blk_mem_gen_prim_wrapper_init__parameterized43
INFO: [VRFC 10-311] analyzing module inst_ram_blk_mem_gen_prim_wrapper_init__parameterized44
INFO: [VRFC 10-311] analyzing module inst_ram_blk_mem_gen_prim_wrapper_init__parameterized45
INFO: [VRFC 10-311] analyzing module inst_ram_blk_mem_gen_prim_wrapper_init__parameterized46
INFO: [VRFC 10-311] analyzing module inst_ram_blk_mem_gen_prim_wrapper_init__parameterized47
INFO: [VRFC 10-311] analyzing module inst_ram_blk_mem_gen_prim_wrapper_init__parameterized48
INFO: [VRFC 10-311] analyzing module inst_ram_blk_mem_gen_prim_wrapper_init__parameterized49
INFO: [VRFC 10-311] analyzing module inst_ram_blk_mem_gen_prim_wrapper_init__parameterized5
INFO: [VRFC 10-311] analyzing module inst_ram_blk_mem_gen_prim_wrapper_init__parameterized50
INFO: [VRFC 10-311] analyzing module inst_ram_blk_mem_gen_prim_wrapper_init__parameterized51
INFO: [VRFC 10-311] analyzing module inst_ram_blk_mem_gen_prim_wrapper_init__parameterized52
INFO: [VRFC 10-311] analyzing module inst_ram_blk_mem_gen_prim_wrapper_init__parameterized53
INFO: [VRFC 10-311] analyzing module inst_ram_blk_mem_gen_prim_wrapper_init__parameterized54
INFO: [VRFC 10-311] analyzing module inst_ram_blk_mem_gen_prim_wrapper_init__parameterized55
INFO: [VRFC 10-311] analyzing module inst_ram_blk_mem_gen_prim_wrapper_init__parameterized56
INFO: [VRFC 10-311] analyzing module inst_ram_blk_mem_gen_prim_wrapper_init__parameterized57
INFO: [VRFC 10-311] analyzing module inst_ram_blk_mem_gen_prim_wrapper_init__parameterized6
INFO: [VRFC 10-311] analyzing module inst_ram_blk_mem_gen_prim_wrapper_init__parameterized63
INFO: [VRFC 10-311] analyzing module inst_ram_blk_mem_gen_prim_wrapper_init__parameterized65
INFO: [VRFC 10-311] analyzing module inst_ram_blk_mem_gen_prim_wrapper_init__parameterized66
INFO: [VRFC 10-311] analyzing module inst_ram_blk_mem_gen_prim_wrapper_init__parameterized67
INFO: [VRFC 10-311] analyzing module inst_ram_blk_mem_gen_prim_wrapper_init__parameterized68
INFO: [VRFC 10-311] analyzing module inst_ram_blk_mem_gen_prim_wrapper_init__parameterized69
INFO: [VRFC 10-311] analyzing module inst_ram_blk_mem_gen_prim_wrapper_init__parameterized7
INFO: [VRFC 10-311] analyzing module inst_ram_blk_mem_gen_prim_wrapper_init__parameterized70
INFO: [VRFC 10-311] analyzing module inst_ram_blk_mem_gen_prim_wrapper_init__parameterized71
INFO: [VRFC 10-311] analyzing module inst_ram_blk_mem_gen_prim_wrapper_init__parameterized72
INFO: [VRFC 10-311] analyzing module inst_ram_blk_mem_gen_prim_wrapper_init__parameterized73
INFO: [VRFC 10-311] analyzing module inst_ram_blk_mem_gen_prim_wrapper_init__parameterized74
INFO: [VRFC 10-311] analyzing module inst_ram_blk_mem_gen_prim_wrapper_init__parameterized75
INFO: [VRFC 10-311] analyzing module inst_ram_blk_mem_gen_prim_wrapper_init__parameterized76
INFO: [VRFC 10-311] analyzing module inst_ram_blk_mem_gen_prim_wrapper_init__parameterized77
INFO: [VRFC 10-311] analyzing module inst_ram_blk_mem_gen_prim_wrapper_init__parameterized78
INFO: [VRFC 10-311] analyzing module inst_ram_blk_mem_gen_prim_wrapper_init__parameterized79
INFO: [VRFC 10-311] analyzing module inst_ram_blk_mem_gen_prim_wrapper_init__parameterized8
INFO: [VRFC 10-311] analyzing module inst_ram_blk_mem_gen_prim_wrapper_init__parameterized80
INFO: [VRFC 10-311] analyzing module inst_ram_blk_mem_gen_prim_wrapper_init__parameterized81
INFO: [VRFC 10-311] analyzing module inst_ram_blk_mem_gen_prim_wrapper_init__parameterized82
INFO: [VRFC 10-311] analyzing module inst_ram_blk_mem_gen_prim_wrapper_init__parameterized83
INFO: [VRFC 10-311] analyzing module inst_ram_blk_mem_gen_prim_wrapper_init__parameterized84
INFO: [VRFC 10-311] analyzing module inst_ram_blk_mem_gen_prim_wrapper_init__parameterized85
INFO: [VRFC 10-311] analyzing module inst_ram_blk_mem_gen_prim_wrapper_init__parameterized86
INFO: [VRFC 10-311] analyzing module inst_ram_blk_mem_gen_prim_wrapper_init__parameterized87
INFO: [VRFC 10-311] analyzing module inst_ram_blk_mem_gen_prim_wrapper_init__parameterized88
INFO: [VRFC 10-311] analyzing module inst_ram_blk_mem_gen_prim_wrapper_init__parameterized89
INFO: [VRFC 10-311] analyzing module inst_ram_blk_mem_gen_prim_wrapper_init__parameterized9
INFO: [VRFC 10-311] analyzing module inst_ram_blk_mem_gen_prim_wrapper_init__parameterized90
INFO: [VRFC 10-311] analyzing module inst_ram_blk_mem_gen_prim_wrapper_init__parameterized91
INFO: [VRFC 10-311] analyzing module inst_ram_blk_mem_gen_prim_wrapper_init__parameterized92
INFO: [VRFC 10-311] analyzing module inst_ram_blk_mem_gen_prim_wrapper_init__parameterized93
INFO: [VRFC 10-311] analyzing module inst_ram_blk_mem_gen_prim_wrapper_init__parameterized94
INFO: [VRFC 10-311] analyzing module inst_ram_blk_mem_gen_prim_wrapper_init__parameterized95
INFO: [VRFC 10-311] analyzing module inst_ram_blk_mem_gen_prim_wrapper_init__parameterized96
INFO: [VRFC 10-311] analyzing module inst_ram_blk_mem_gen_prim_wrapper_init__parameterized97
INFO: [VRFC 10-311] analyzing module inst_ram_blk_mem_gen_prim_wrapper_init__parameterized98
INFO: [VRFC 10-311] analyzing module inst_ram_blk_mem_gen_prim_wrapper_init__parameterized99
INFO: [VRFC 10-311] analyzing module inst_ram_blk_mem_gen_top
INFO: [VRFC 10-311] analyzing module inst_ram_blk_mem_gen_v8_4_8
INFO: [VRFC 10-311] analyzing module inst_ram_blk_mem_gen_v8_4_8_synth
INFO: [VRFC 10-2263] Analyzing Verilog file "D:/1Learn/24Summer/Lxb/StarryCPU/mycpu_env/myCPU/mycpu_top.v" into library xil_defaultlib
INFO: [VRFC 10-311] analyzing module mycpu_top
WARNING: [VRFC 10-3380] identifier 'wb_pc' is used before its declaration [D:/1Learn/24Summer/Lxb/StarryCPU/mycpu_env/myCPU/mycpu_top.v:117]
INFO: [VRFC 10-2263] Analyzing Verilog file "D:/1Learn/24Summer/Lxb/StarryCPU/mycpu_env/myCPU/regfile.v" into library xil_defaultlib
INFO: [VRFC 10-311] analyzing module regfile
INFO: [VRFC 10-2263] Analyzing Verilog file "D:/1Learn/24Summer/Lxb/StarryCPU/mycpu_env/soc_verify/soc_bram/rtl/soc_lite_top.v" into library xil_defaultlib
INFO: [VRFC 10-311] analyzing module soc_lite_top
INFO: [VRFC 10-2263] Analyzing Verilog file "D:/1Learn/24Summer/Lxb/StarryCPU/mycpu_env/soc_verify/soc_bram/testbench/sync_ram.v" into library xil_defaultlib
INFO: [VRFC 10-311] analyzing module sync_ram
INFO: [VRFC 10-311] analyzing module inst_ram
WARNING: [VRFC 10-3609] overwriting previous definition of module 'inst_ram' [D:/1Learn/24Summer/Lxb/StarryCPU/mycpu_env/soc_verify/soc_bram/testbench/sync_ram.v:39]
INFO: [VRFC 10-311] analyzing module data_ram
WARNING: [VRFC 10-3609] overwriting previous definition of module 'data_ram' [D:/1Learn/24Summer/Lxb/StarryCPU/mycpu_env/soc_verify/soc_bram/testbench/sync_ram.v:66]
INFO: [VRFC 10-2263] Analyzing Verilog file "D:/1Learn/24Summer/Lxb/StarryCPU/mycpu_env/myCPU/tools.v" into library xil_defaultlib
INFO: [VRFC 10-311] analyzing module decoder_2_4
INFO: [VRFC 10-311] analyzing module decoder_4_16
INFO: [VRFC 10-311] analyzing module decoder_5_32
INFO: [VRFC 10-311] analyzing module decoder_6_64
INFO: [VRFC 10-2263] Analyzing Verilog file "D:/1Learn/24Summer/Lxb/StarryCPU/mycpu_env/soc_verify/soc_bram/testbench/mycpu_tb.v" into library xil_defaultlib
INFO: [VRFC 10-311] analyzing module tb_top
WARNING: [VRFC 10-2096] empty statement in sequential block [D:/1Learn/24Summer/Lxb/StarryCPU/mycpu_env/soc_verify/soc_bram/testbench/mycpu_tb.v:237]
